Using pre-set license
Built from '2020.3/release' branch; Version is '2020.3.7f1 (dd97f2c94397) revision 14522354'; Using compiler version '192528614'; Build Type 'Release'
OS: 'Windows 10 Home Single Language; OS build 19042.1110; Version 2009; 64bit' Language: 'tr' Physical Memory: 16323 MB
BatchMode: 1, IsHumanControllingUs: 0, StartBugReporterOnCrash: 0, Is64bit: 1, IsPro: 0

 COMMAND LINE ARGUMENTS:
C:\Program Files\Unity\Hub\Editor\2020.3.7f1\Editor\Unity.exe
-adb2
-batchMode
-noUpm
-name
AssetImportWorker0
-projectPath
C:/Users/developer/Desktop/Github/gitGames/HyperCasualRunner/HyperCasualRunner
-logFile
Logs/AssetImportWorker0.log
-srvPort
60861
Successfully changed project path to: C:/Users/developer/Desktop/Github/gitGames/HyperCasualRunner/HyperCasualRunner
C:/Users/developer/Desktop/Github/gitGames/HyperCasualRunner/HyperCasualRunner
Using Asset Import Pipeline V2.
Refreshing native plugins compatible for Editor in 22.68 ms, found 0 plugins.
Preloading 0 native plugins for Editor in 0.00 ms.
Initialize engine version: 2020.3.7f1 (dd97f2c94397)
[Subsystems] Discovering subsystems at path C:/Program Files/Unity/Hub/Editor/2020.3.7f1/Editor/Data/Resources/UnitySubsystems
[Subsystems] Discovering subsystems at path C:/Users/developer/Desktop/Github/gitGames/HyperCasualRunner/HyperCasualRunner/Assets
GfxDevice: creating device client; threaded=0
Direct3D:
    Version:  Direct3D 11.0 [level 11.0]
    Renderer: NVIDIA GeForce GTX 745 (ID=0x1382)
    Vendor:   
    VRAM:     4034 MB
    Driver:   10.18.13.6482
Initialize mono
Mono path[0] = 'C:/Program Files/Unity/Hub/Editor/2020.3.7f1/Editor/Data/Managed'
Mono path[1] = 'C:/Program Files/Unity/Hub/Editor/2020.3.7f1/Editor/Data/MonoBleedingEdge/lib/mono/unityjit'
Mono config path = 'C:/Program Files/Unity/Hub/Editor/2020.3.7f1/Editor/Data/MonoBleedingEdge/etc'
Using monoOptions --debugger-agent=transport=dt_socket,embedding=1,server=y,suspend=n,address=127.0.0.1:56240
Begin MonoManager ReloadAssembly
Registering precompiled unity dll's ...
Register platform support module: C:/Program Files/Unity/Hub/Editor/2020.3.7f1/Editor/Data/PlaybackEngines/WebGLSupport/UnityEditor.WebGL.Extensions.dll
Register platform support module: C:/Program Files/Unity/Hub/Editor/2020.3.7f1/Editor/Data/PlaybackEngines/WindowsStandaloneSupport/UnityEditor.WindowsStandalone.Extensions.dll
Registered in 0.002137 seconds.
Native extension for WindowsStandalone target not found
Native extension for WebGL target not found
Refreshing native plugins compatible for Editor in 21.95 ms, found 0 plugins.
Preloading 0 native plugins for Editor in 0.00 ms.
Mono: successfully reloaded assembly
- Completed reload, in  1.873 seconds
Platform modules already initialized, skipping
Registering precompiled user dll's ...
Registered in 0.000818 seconds.
Begin MonoManager ReloadAssembly
Native extension for WindowsStandalone target not found
Native extension for WebGL target not found
Refreshing native plugins compatible for Editor in 0.36 ms, found 0 plugins.
Preloading 0 native plugins for Editor in 0.00 ms.
Mono: successfully reloaded assembly
- Completed reload, in  0.892 seconds
Platform modules already initialized, skipping
========================================================================
Worker process is ready to serve import requests
Launched and connected shader compiler UnityShaderCompiler.exe after 0.04 seconds
Refreshing native plugins compatible for Editor in 0.30 ms, found 0 plugins.
Preloading 0 native plugins for Editor in 0.00 ms.
Unloading 1117 Unused Serialized files (Serialized files now loaded: 0)
System memory in use before: 58.2 MB.
System memory in use after: 58.3 MB.

Unloading 10 unused Assets to reduce memory usage. Loaded Objects now: 1563.
Total: 2.478000 ms (FindLiveObjects: 0.222700 ms CreateObjectMapping: 0.042000 ms MarkObjects: 2.120900 ms  DeleteObjects: 0.091200 ms)

========================================================================
Received Import Request.
  path: Assets/Materials/Platforms.mat
  artifactKey: Guid(d7fc3b8284123ee468af8f3d31312525) Importer(815301076,1909f56bfc062723c751e8b465ee728b)
Start importing Assets/Materials/Platforms.mat using Guid(d7fc3b8284123ee468af8f3d31312525) Importer(815301076,1909f56bfc062723c751e8b465ee728b)  -> (artifact id: '6a6dfc66efda241e8b06a52936635b15') in 0.104279 seconds
  Import took 0.106664 seconds .

========================================================================
Received Import Request.
  Time since last request: 266.648068 seconds.
  path: Assets/Prefabs/TrapsPrefab.prefab
  artifactKey: Guid(2b5d2f14a55fd004a94b686606387469) Importer(815301076,1909f56bfc062723c751e8b465ee728b)
Start importing Assets/Prefabs/TrapsPrefab.prefab using Guid(2b5d2f14a55fd004a94b686606387469) Importer(815301076,1909f56bfc062723c751e8b465ee728b)  -> (artifact id: '0e23f423984c9eed955a501bec2cbdfd') in 0.029556 seconds
  Import took 0.032690 seconds .

========================================================================
Received Import Request.
  Time since last request: 0.008197 seconds.
  path: Assets/Prefabs/TrapsPrefab.prefab
  artifactKey: Guid(2b5d2f14a55fd004a94b686606387469) Importer(815301076,1909f56bfc062723c751e8b465ee728b)
Start importing Assets/Prefabs/TrapsPrefab.prefab using Guid(2b5d2f14a55fd004a94b686606387469) Importer(815301076,1909f56bfc062723c751e8b465ee728b)  -> (artifact id: '0e23f423984c9eed955a501bec2cbdfd') in 0.011513 seconds
  Import took 0.014221 seconds .

========================================================================
Received Prepare
Registering precompiled user dll's ...
Registered in 0.000903 seconds.
Begin MonoManager ReloadAssembly
Native extension for WindowsStandalone target not found
Native extension for WebGL target not found
Refreshing native plugins compatible for Editor in 0.30 ms, found 0 plugins.
Preloading 0 native plugins for Editor in 0.00 ms.
Mono: successfully reloaded assembly
- Completed reload, in  0.829 seconds
Platform modules already initialized, skipping
Refreshing native plugins compatible for Editor in 0.28 ms, found 0 plugins.
Preloading 0 native plugins for Editor in 0.00 ms.
Unloading 1112 Unused Serialized files (Serialized files now loaded: 0)
System memory in use before: 61.5 MB.
System memory in use after: 61.6 MB.

Unloading 5 unused Assets to reduce memory usage. Loaded Objects now: 1606.
Total: 1.751700 ms (FindLiveObjects: 0.134700 ms CreateObjectMapping: 0.040000 ms MarkObjects: 1.487900 ms  DeleteObjects: 0.087900 ms)

========================================================================
Received Prepare
Registering precompiled user dll's ...
Registered in 0.000651 seconds.
Begin MonoManager ReloadAssembly
Native extension for WindowsStandalone target not found
Native extension for WebGL target not found
Refreshing native plugins compatible for Editor in 0.29 ms, found 0 plugins.
Preloading 0 native plugins for Editor in 0.00 ms.
Mono: successfully reloaded assembly
- Completed reload, in  0.792 seconds
Platform modules already initialized, skipping
Refreshing native plugins compatible for Editor in 0.26 ms, found 0 plugins.
Preloading 0 native plugins for Editor in 0.00 ms.
Unloading 1112 Unused Serialized files (Serialized files now loaded: 0)
System memory in use before: 61.5 MB.
System memory in use after: 61.6 MB.

Unloading 5 unused Assets to reduce memory usage. Loaded Objects now: 1609.
Total: 2.824700 ms (FindLiveObjects: 0.377000 ms CreateObjectMapping: 0.106300 ms MarkObjects: 2.229900 ms  DeleteObjects: 0.109000 ms)

========================================================================
Received Prepare
Registering precompiled user dll's ...
Registered in 0.000711 seconds.
Begin MonoManager ReloadAssembly
Native extension for WindowsStandalone target not found
Native extension for WebGL target not found
Refreshing native plugins compatible for Editor in 0.28 ms, found 0 plugins.
Preloading 0 native plugins for Editor in 0.00 ms.
Mono: successfully reloaded assembly
- Completed reload, in  0.904 seconds
Platform modules already initialized, skipping
Refreshing native plugins compatible for Editor in 0.31 ms, found 0 plugins.
Preloading 0 native plugins for Editor in 0.00 ms.
Unloading 1112 Unused Serialized files (Serialized files now loaded: 0)
System memory in use before: 61.5 MB.
System memory in use after: 61.6 MB.

Unloading 5 unused Assets to reduce memory usage. Loaded Objects now: 1612.
Total: 1.746300 ms (FindLiveObjects: 0.192100 ms CreateObjectMapping: 0.070500 ms MarkObjects: 1.419600 ms  DeleteObjects: 0.063100 ms)

========================================================================
Received Import Request.
  Time since last request: 808.936258 seconds.
  path: Assets/Scripts/BridgeSpawner.cs
  artifactKey: Guid(cf408059bf2d24f409f0325ce15e6caa) Importer(815301076,1909f56bfc062723c751e8b465ee728b)
Start importing Assets/Scripts/BridgeSpawner.cs using Guid(cf408059bf2d24f409f0325ce15e6caa) Importer(815301076,1909f56bfc062723c751e8b465ee728b)  -> (artifact id: 'ed607b3a72140d4cae57d1c5daf4ab4d') in 0.016653 seconds
  Import took 0.020057 seconds .

========================================================================
Received Prepare
Registering precompiled user dll's ...
Registered in 0.000622 seconds.
Begin MonoManager ReloadAssembly
Native extension for WindowsStandalone target not found
Native extension for WebGL target not found
Refreshing native plugins compatible for Editor in 0.25 ms, found 0 plugins.
Preloading 0 native plugins for Editor in 0.00 ms.
Mono: successfully reloaded assembly
- Completed reload, in  0.911 seconds
Platform modules already initialized, skipping
Refreshing native plugins compatible for Editor in 0.24 ms, found 0 plugins.
Preloading 0 native plugins for Editor in 0.00 ms.
Unloading 1113 Unused Serialized files (Serialized files now loaded: 0)
System memory in use before: 61.6 MB.
System memory in use after: 61.6 MB.

Unloading 5 unused Assets to reduce memory usage. Loaded Objects now: 1616.
Total: 1.962400 ms (FindLiveObjects: 0.144500 ms CreateObjectMapping: 0.040200 ms MarkObjects: 1.683500 ms  DeleteObjects: 0.093100 ms)

========================================================================
Received Import Request.
  Time since last request: 8.971890 seconds.
  path: Assets/Scripts/RidingCylinder.cs
  artifactKey: Guid(bd468b8a78de69d4e91d1ad530ffec05) Importer(815301076,1909f56bfc062723c751e8b465ee728b)
Start importing Assets/Scripts/RidingCylinder.cs using Guid(bd468b8a78de69d4e91d1ad530ffec05) Importer(815301076,1909f56bfc062723c751e8b465ee728b)  -> (artifact id: 'ba3e10b1dd3d8523df39ced5aead0f05') in 0.010442 seconds
  Import took 0.013316 seconds .

========================================================================
Received Import Request.
  Time since last request: 0.029298 seconds.
  path: Assets/Scripts/RidingCylinder.cs
  artifactKey: Guid(bd468b8a78de69d4e91d1ad530ffec05) Importer(815301076,1909f56bfc062723c751e8b465ee728b)
Start importing Assets/Scripts/RidingCylinder.cs using Guid(bd468b8a78de69d4e91d1ad530ffec05) Importer(815301076,1909f56bfc062723c751e8b465ee728b)  -> (artifact id: 'ba3e10b1dd3d8523df39ced5aead0f05') in 0.002548 seconds
  Import took 0.005400 seconds .

========================================================================
Received Prepare
Registering precompiled user dll's ...
Registered in 0.000599 seconds.
Begin MonoManager ReloadAssembly
Native extension for WindowsStandalone target not found
Native extension for WebGL target not found
Refreshing native plugins compatible for Editor in 0.39 ms, found 0 plugins.
Preloading 0 native plugins for Editor in 0.00 ms.
Mono: successfully reloaded assembly
- Completed reload, in  0.843 seconds
Platform modules already initialized, skipping
Refreshing native plugins compatible for Editor in 0.24 ms, found 0 plugins.
Preloading 0 native plugins for Editor in 0.00 ms.
Unloading 1113 Unused Serialized files (Serialized files now loaded: 0)
System memory in use before: 61.6 MB.
System memory in use after: 61.7 MB.

Unloading 5 unused Assets to reduce memory usage. Loaded Objects now: 1619.
Total: 1.814300 ms (FindLiveObjects: 0.137000 ms CreateObjectMapping: 0.039700 ms MarkObjects: 1.551400 ms  DeleteObjects: 0.085000 ms)

========================================================================
Received Import Request.
  Time since last request: 444.834607 seconds.
  path: Assets/Scripts/BridgeSpawner.cs
  artifactKey: Guid(cf408059bf2d24f409f0325ce15e6caa) Importer(815301076,1909f56bfc062723c751e8b465ee728b)
Start importing Assets/Scripts/BridgeSpawner.cs using Guid(cf408059bf2d24f409f0325ce15e6caa) Importer(815301076,1909f56bfc062723c751e8b465ee728b)  -> (artifact id: '26ecfec9442ef86dbbd8e3a961c9963e') in 0.005814 seconds
  Import took 0.008020 seconds .

========================================================================
Received Prepare
Registering precompiled user dll's ...
Registered in 0.000751 seconds.
Begin MonoManager ReloadAssembly
Native extension for WindowsStandalone target not found
Native extension for WebGL target not found
Refreshing native plugins compatible for Editor in 0.23 ms, found 0 plugins.
Preloading 0 native plugins for Editor in 0.00 ms.
Mono: successfully reloaded assembly
- Completed reload, in  0.812 seconds
Platform modules already initialized, skipping
Refreshing native plugins compatible for Editor in 0.27 ms, found 0 plugins.
Preloading 0 native plugins for Editor in 0.00 ms.
Unloading 1113 Unused Serialized files (Serialized files now loaded: 0)
System memory in use before: 61.6 MB.
System memory in use after: 61.7 MB.

Unloading 5 unused Assets to reduce memory usage. Loaded Objects now: 1622.
Total: 2.145000 ms (FindLiveObjects: 0.263900 ms CreateObjectMapping: 0.097700 ms MarkObjects: 1.713500 ms  DeleteObjects: 0.068000 ms)

========================================================================
Received Prepare
Registering precompiled user dll's ...
Registered in 0.000583 seconds.
Begin MonoManager ReloadAssembly
Native extension for WindowsStandalone target not found
Native extension for WebGL target not found
Refreshing native plugins compatible for Editor in 0.24 ms, found 0 plugins.
Preloading 0 native plugins for Editor in 0.00 ms.
Mono: successfully reloaded assembly
- Completed reload, in  0.765 seconds
Platform modules already initialized, skipping
Refreshing native plugins compatible for Editor in 0.24 ms, found 0 plugins.
Preloading 0 native plugins for Editor in 0.00 ms.
Unloading 1113 Unused Serialized files (Serialized files now loaded: 0)
System memory in use before: 61.6 MB.
System memory in use after: 61.7 MB.

Unloading 5 unused Assets to reduce memory usage. Loaded Objects now: 1625.
Total: 1.940200 ms (FindLiveObjects: 0.147900 ms CreateObjectMapping: 0.038900 ms MarkObjects: 1.662000 ms  DeleteObjects: 0.090400 ms)

========================================================================
Received Prepare
Registering precompiled user dll's ...
Registered in 0.000654 seconds.
Begin MonoManager ReloadAssembly
Native extension for WindowsStandalone target not found
Native extension for WebGL target not found
Refreshing native plugins compatible for Editor in 0.23 ms, found 0 plugins.
Preloading 0 native plugins for Editor in 0.00 ms.
Mono: successfully reloaded assembly
- Completed reload, in  0.816 seconds
Platform modules already initialized, skipping
Refreshing native plugins compatible for Editor in 0.27 ms, found 0 plugins.
Preloading 0 native plugins for Editor in 0.00 ms.
Unloading 1113 Unused Serialized files (Serialized files now loaded: 0)
System memory in use before: 61.6 MB.
System memory in use after: 61.7 MB.

Unloading 5 unused Assets to reduce memory usage. Loaded Objects now: 1628.
Total: 2.078600 ms (FindLiveObjects: 0.229500 ms CreateObjectMapping: 0.089200 ms MarkObjects: 1.699700 ms  DeleteObjects: 0.058800 ms)

========================================================================
Received Import Request.
  Time since last request: 399.078230 seconds.
  path: Assets/Prefabs/BridgeSpawner.prefab
  artifactKey: Guid(f71c313312baa6b459cfe7f4b8f5cb49) Importer(815301076,1909f56bfc062723c751e8b465ee728b)
Start importing Assets/Prefabs/BridgeSpawner.prefab using Guid(f71c313312baa6b459cfe7f4b8f5cb49) Importer(815301076,1909f56bfc062723c751e8b465ee728b)  -> (artifact id: 'b846028d249f003fb1742b520b1a0802') in 0.022943 seconds
  Import took 0.025250 seconds .

========================================================================
Received Prepare
Registering precompiled user dll's ...
Registered in 0.000580 seconds.
Begin MonoManager ReloadAssembly
Native extension for WindowsStandalone target not found
Native extension for WebGL target not found
Refreshing native plugins compatible for Editor in 0.38 ms, found 0 plugins.
Preloading 0 native plugins for Editor in 0.00 ms.
Mono: successfully reloaded assembly
- Completed reload, in  0.820 seconds
Platform modules already initialized, skipping
Refreshing native plugins compatible for Editor in 0.25 ms, found 0 plugins.
Preloading 0 native plugins for Editor in 0.00 ms.
Unloading 1113 Unused Serialized files (Serialized files now loaded: 0)
System memory in use before: 61.6 MB.
System memory in use after: 61.7 MB.

Unloading 5 unused Assets to reduce memory usage. Loaded Objects now: 1631.
Total: 1.705000 ms (FindLiveObjects: 0.189500 ms CreateObjectMapping: 0.041400 ms MarkObjects: 1.411700 ms  DeleteObjects: 0.060900 ms)

AssetImportWorkerClient::OnTransportError - code=2 error=End of file
