Using pre-set license
Built from '2020.3/release' branch; Version is '2020.3.7f1 (dd97f2c94397) revision 14522354'; Using compiler version '192528614'; Build Type 'Release'
OS: 'Windows 10 Home Single Language; OS build 19042.1110; Version 2009; 64bit' Language: 'tr' Physical Memory: 16323 MB
BatchMode: 1, IsHumanControllingUs: 0, StartBugReporterOnCrash: 0, Is64bit: 1, IsPro: 0

 COMMAND LINE ARGUMENTS:
C:\Program Files\Unity\Hub\Editor\2020.3.7f1\Editor\Unity.exe
-adb2
-batchMode
-noUpm
-name
AssetImportWorker0
-projectPath
C:/Users/developer/Desktop/Github/gitGames/HyperCasualRunner/HyperCasualRunner
-logFile
Logs/AssetImportWorker0.log
-srvPort
49687
Successfully changed project path to: C:/Users/developer/Desktop/Github/gitGames/HyperCasualRunner/HyperCasualRunner
C:/Users/developer/Desktop/Github/gitGames/HyperCasualRunner/HyperCasualRunner
Using Asset Import Pipeline V2.
Refreshing native plugins compatible for Editor in 24.56 ms, found 0 plugins.
Preloading 0 native plugins for Editor in 0.00 ms.
Initialize engine version: 2020.3.7f1 (dd97f2c94397)
[Subsystems] Discovering subsystems at path C:/Program Files/Unity/Hub/Editor/2020.3.7f1/Editor/Data/Resources/UnitySubsystems
[Subsystems] Discovering subsystems at path C:/Users/developer/Desktop/Github/gitGames/HyperCasualRunner/HyperCasualRunner/Assets
GfxDevice: creating device client; threaded=0
Direct3D:
    Version:  Direct3D 11.0 [level 11.0]
    Renderer: NVIDIA GeForce GTX 745 (ID=0x1382)
    Vendor:   
    VRAM:     4034 MB
    Driver:   10.18.13.6482
Initialize mono
Mono path[0] = 'C:/Program Files/Unity/Hub/Editor/2020.3.7f1/Editor/Data/Managed'
Mono path[1] = 'C:/Program Files/Unity/Hub/Editor/2020.3.7f1/Editor/Data/MonoBleedingEdge/lib/mono/unityjit'
Mono config path = 'C:/Program Files/Unity/Hub/Editor/2020.3.7f1/Editor/Data/MonoBleedingEdge/etc'
Using monoOptions --debugger-agent=transport=dt_socket,embedding=1,server=y,suspend=n,address=127.0.0.1:56500
Begin MonoManager ReloadAssembly
Registering precompiled unity dll's ...
Register platform support module: C:/Program Files/Unity/Hub/Editor/2020.3.7f1/Editor/Data/PlaybackEngines/WebGLSupport/UnityEditor.WebGL.Extensions.dll
Register platform support module: C:/Program Files/Unity/Hub/Editor/2020.3.7f1/Editor/Data/PlaybackEngines/WindowsStandaloneSupport/UnityEditor.WindowsStandalone.Extensions.dll
Registered in 0.001563 seconds.
Native extension for WindowsStandalone target not found
Native extension for WebGL target not found
Refreshing native plugins compatible for Editor in 23.11 ms, found 0 plugins.
Preloading 0 native plugins for Editor in 0.00 ms.
Mono: successfully reloaded assembly
- Completed reload, in  1.620 seconds
Platform modules already initialized, skipping
Registering precompiled user dll's ...
Registered in 0.000588 seconds.
Begin MonoManager ReloadAssembly
Native extension for WindowsStandalone target not found
Native extension for WebGL target not found
Refreshing native plugins compatible for Editor in 0.22 ms, found 0 plugins.
Preloading 0 native plugins for Editor in 0.00 ms.
Mono: successfully reloaded assembly
- Completed reload, in  0.785 seconds
Platform modules already initialized, skipping
========================================================================
Worker process is ready to serve import requests
Launched and connected shader compiler UnityShaderCompiler.exe after 0.04 seconds
Refreshing native plugins compatible for Editor in 0.24 ms, found 0 plugins.
Preloading 0 native plugins for Editor in 0.00 ms.
Unloading 1118 Unused Serialized files (Serialized files now loaded: 0)
System memory in use before: 58.3 MB.
System memory in use after: 58.3 MB.

Unloading 10 unused Assets to reduce memory usage. Loaded Objects now: 1564.
Total: 1.999800 ms (FindLiveObjects: 0.176000 ms CreateObjectMapping: 0.040500 ms MarkObjects: 1.704700 ms  DeleteObjects: 0.077400 ms)

========================================================================
Received Import Request.
  path: Assets/Prefabs/AddCylinder 1.prefab
  artifactKey: Guid(882230b432f01d24cba11309324e9107) Importer(815301076,1909f56bfc062723c751e8b465ee728b)
Start importing Assets/Prefabs/AddCylinder 1.prefab using Guid(882230b432f01d24cba11309324e9107) Importer(815301076,1909f56bfc062723c751e8b465ee728b)  -> (artifact id: 'f850f27e8b8c95be3d179a692153a814') in 0.102824 seconds
  Import took 0.104978 seconds .

========================================================================
Received Import Request.
  Time since last request: 7.825388 seconds.
  path: Assets/Prefabs/BridgePart.prefab
  artifactKey: Guid(882230b432f01d24cba11309324e9107) Importer(815301076,1909f56bfc062723c751e8b465ee728b)
Start importing Assets/Prefabs/BridgePart.prefab using Guid(882230b432f01d24cba11309324e9107) Importer(815301076,1909f56bfc062723c751e8b465ee728b)  -> (artifact id: '70a676400591dd0784d8efa4c727597c') in 0.014080 seconds
  Import took 0.016446 seconds .

========================================================================
Received Prepare
Registering precompiled user dll's ...
Registered in 0.000558 seconds.
Begin MonoManager ReloadAssembly
Native extension for WindowsStandalone target not found
Native extension for WebGL target not found
Refreshing native plugins compatible for Editor in 0.28 ms, found 0 plugins.
Preloading 0 native plugins for Editor in 0.00 ms.
Mono: successfully reloaded assembly
- Completed reload, in  0.759 seconds
Platform modules already initialized, skipping
Refreshing native plugins compatible for Editor in 0.23 ms, found 0 plugins.
Preloading 0 native plugins for Editor in 0.00 ms.
Unloading 1113 Unused Serialized files (Serialized files now loaded: 0)
System memory in use before: 61.3 MB.
System memory in use after: 61.4 MB.

Unloading 5 unused Assets to reduce memory usage. Loaded Objects now: 1575.
Total: 1.949400 ms (FindLiveObjects: 0.142800 ms CreateObjectMapping: 0.037200 ms MarkObjects: 1.677000 ms  DeleteObjects: 0.090800 ms)

========================================================================
Received Import Request.
  Time since last request: 781.752094 seconds.
  path: Assets/Prefabs/BridgePart.prefab
  artifactKey: Guid(882230b432f01d24cba11309324e9107) Importer(815301076,1909f56bfc062723c751e8b465ee728b)
Start importing Assets/Prefabs/BridgePart.prefab using Guid(882230b432f01d24cba11309324e9107) Importer(815301076,1909f56bfc062723c751e8b465ee728b)  -> (artifact id: 'd35832b4dd3f44bae6cdefa907763073') in 0.069873 seconds
  Import took 0.072354 seconds .

========================================================================
Received Import Request.
  Time since last request: 0.021966 seconds.
  path: Assets/Prefabs/BridgePart.prefab
  artifactKey: Guid(882230b432f01d24cba11309324e9107) Importer(815301076,1909f56bfc062723c751e8b465ee728b)
Start importing Assets/Prefabs/BridgePart.prefab using Guid(882230b432f01d24cba11309324e9107) Importer(815301076,1909f56bfc062723c751e8b465ee728b)  -> (artifact id: 'd35832b4dd3f44bae6cdefa907763073') in 0.010374 seconds
  Import took 0.013315 seconds .

========================================================================
Received Import Request.
  Time since last request: 3.788722 seconds.
  path: Assets/Prefabs/BridgePart.prefab
  artifactKey: Guid(882230b432f01d24cba11309324e9107) Importer(815301076,1909f56bfc062723c751e8b465ee728b)
Start importing Assets/Prefabs/BridgePart.prefab using Guid(882230b432f01d24cba11309324e9107) Importer(815301076,1909f56bfc062723c751e8b465ee728b)  -> (artifact id: 'aee8de2d9054ce7216030a261432706e') in 0.011005 seconds
  Import took 0.013723 seconds .

========================================================================
Received Prepare
Registering precompiled user dll's ...
Registered in 0.000576 seconds.
Begin MonoManager ReloadAssembly
Native extension for WindowsStandalone target not found
Native extension for WebGL target not found
Refreshing native plugins compatible for Editor in 0.92 ms, found 0 plugins.
Preloading 0 native plugins for Editor in 0.00 ms.
Mono: successfully reloaded assembly
- Completed reload, in  0.813 seconds
Platform modules already initialized, skipping
Refreshing native plugins compatible for Editor in 0.24 ms, found 0 plugins.
Preloading 0 native plugins for Editor in 0.00 ms.
Unloading 1113 Unused Serialized files (Serialized files now loaded: 0)
System memory in use before: 61.4 MB.
System memory in use after: 61.4 MB.

Unloading 5 unused Assets to reduce memory usage. Loaded Objects now: 1579.
Total: 2.016600 ms (FindLiveObjects: 0.149900 ms CreateObjectMapping: 0.067600 ms MarkObjects: 1.744500 ms  DeleteObjects: 0.053400 ms)

========================================================================
Received Prepare
Registering precompiled user dll's ...
Registered in 0.000578 seconds.
Begin MonoManager ReloadAssembly
Native extension for WindowsStandalone target not found
Native extension for WebGL target not found
Refreshing native plugins compatible for Editor in 0.23 ms, found 0 plugins.
Preloading 0 native plugins for Editor in 0.00 ms.
Mono: successfully reloaded assembly
- Completed reload, in  0.792 seconds
Platform modules already initialized, skipping
Refreshing native plugins compatible for Editor in 0.26 ms, found 0 plugins.
Preloading 0 native plugins for Editor in 0.00 ms.
Unloading 1113 Unused Serialized files (Serialized files now loaded: 0)
System memory in use before: 61.4 MB.
System memory in use after: 61.5 MB.

Unloading 5 unused Assets to reduce memory usage. Loaded Objects now: 1582.
Total: 1.892700 ms (FindLiveObjects: 0.215200 ms CreateObjectMapping: 0.053800 ms MarkObjects: 1.569500 ms  DeleteObjects: 0.053100 ms)

========================================================================
Received Prepare
Registering precompiled user dll's ...
Registered in 0.000587 seconds.
Begin MonoManager ReloadAssembly
Native extension for WindowsStandalone target not found
Native extension for WebGL target not found
Refreshing native plugins compatible for Editor in 0.23 ms, found 0 plugins.
Preloading 0 native plugins for Editor in 0.00 ms.
Mono: successfully reloaded assembly
- Completed reload, in  0.777 seconds
Platform modules already initialized, skipping
Refreshing native plugins compatible for Editor in 0.23 ms, found 0 plugins.
Preloading 0 native plugins for Editor in 0.00 ms.
Unloading 1113 Unused Serialized files (Serialized files now loaded: 0)
System memory in use before: 61.4 MB.
System memory in use after: 61.5 MB.

Unloading 5 unused Assets to reduce memory usage. Loaded Objects now: 1585.
Total: 1.953500 ms (FindLiveObjects: 0.192100 ms CreateObjectMapping: 0.038400 ms MarkObjects: 1.670200 ms  DeleteObjects: 0.051400 ms)

========================================================================
Received Prepare
Registering precompiled user dll's ...
Registered in 0.000871 seconds.
Begin MonoManager ReloadAssembly
Native extension for WindowsStandalone target not found
Native extension for WebGL target not found
Refreshing native plugins compatible for Editor in 0.25 ms, found 0 plugins.
Preloading 0 native plugins for Editor in 0.00 ms.
Mono: successfully reloaded assembly
- Completed reload, in  0.768 seconds
Platform modules already initialized, skipping
Refreshing native plugins compatible for Editor in 0.23 ms, found 0 plugins.
Preloading 0 native plugins for Editor in 0.00 ms.
Unloading 1113 Unused Serialized files (Serialized files now loaded: 0)
System memory in use before: 61.4 MB.
System memory in use after: 61.5 MB.

Unloading 5 unused Assets to reduce memory usage. Loaded Objects now: 1588.
Total: 1.612500 ms (FindLiveObjects: 0.133300 ms CreateObjectMapping: 0.039600 ms MarkObjects: 1.386900 ms  DeleteObjects: 0.052000 ms)

========================================================================
Received Prepare
Registering precompiled user dll's ...
Registered in 0.001025 seconds.
Begin MonoManager ReloadAssembly
Native extension for WindowsStandalone target not found
Native extension for WebGL target not found
Refreshing native plugins compatible for Editor in 0.23 ms, found 0 plugins.
Preloading 0 native plugins for Editor in 0.00 ms.
Mono: successfully reloaded assembly
- Completed reload, in  0.763 seconds
Platform modules already initialized, skipping
Refreshing native plugins compatible for Editor in 0.24 ms, found 0 plugins.
Preloading 0 native plugins for Editor in 0.00 ms.
Unloading 1113 Unused Serialized files (Serialized files now loaded: 0)
System memory in use before: 61.4 MB.
System memory in use after: 61.5 MB.

Unloading 5 unused Assets to reduce memory usage. Loaded Objects now: 1591.
Total: 1.911000 ms (FindLiveObjects: 0.168300 ms CreateObjectMapping: 0.038500 ms MarkObjects: 1.621300 ms  DeleteObjects: 0.081800 ms)

========================================================================
Received Prepare
Registering precompiled user dll's ...
Registered in 0.000607 seconds.
Begin MonoManager ReloadAssembly
Native extension for WindowsStandalone target not found
Native extension for WebGL target not found
Refreshing native plugins compatible for Editor in 0.27 ms, found 0 plugins.
Preloading 0 native plugins for Editor in 0.00 ms.
Mono: successfully reloaded assembly
- Completed reload, in  0.826 seconds
Platform modules already initialized, skipping
Refreshing native plugins compatible for Editor in 0.25 ms, found 0 plugins.
Preloading 0 native plugins for Editor in 0.00 ms.
Unloading 1113 Unused Serialized files (Serialized files now loaded: 0)
System memory in use before: 61.4 MB.
System memory in use after: 61.5 MB.

Unloading 5 unused Assets to reduce memory usage. Loaded Objects now: 1594.
Total: 2.143200 ms (FindLiveObjects: 0.200400 ms CreateObjectMapping: 0.057300 ms MarkObjects: 1.828800 ms  DeleteObjects: 0.055200 ms)

========================================================================
Received Prepare
Registering precompiled user dll's ...
Registered in 0.000808 seconds.
Begin MonoManager ReloadAssembly
Native extension for WindowsStandalone target not found
Native extension for WebGL target not found
Refreshing native plugins compatible for Editor in 0.27 ms, found 0 plugins.
Preloading 0 native plugins for Editor in 0.00 ms.
Mono: successfully reloaded assembly
- Completed reload, in  0.752 seconds
Platform modules already initialized, skipping
Refreshing native plugins compatible for Editor in 0.26 ms, found 0 plugins.
Preloading 0 native plugins for Editor in 0.00 ms.
Unloading 1113 Unused Serialized files (Serialized files now loaded: 0)
System memory in use before: 61.4 MB.
System memory in use after: 61.5 MB.

Unloading 5 unused Assets to reduce memory usage. Loaded Objects now: 1597.
Total: 1.826100 ms (FindLiveObjects: 0.288700 ms CreateObjectMapping: 0.064900 ms MarkObjects: 1.404700 ms  DeleteObjects: 0.066300 ms)

========================================================================
Received Prepare
Registering precompiled user dll's ...
Registered in 0.000541 seconds.
Begin MonoManager ReloadAssembly
Native extension for WindowsStandalone target not found
Native extension for WebGL target not found
Refreshing native plugins compatible for Editor in 0.23 ms, found 0 plugins.
Preloading 0 native plugins for Editor in 0.00 ms.
Mono: successfully reloaded assembly
- Completed reload, in  0.780 seconds
Platform modules already initialized, skipping
Refreshing native plugins compatible for Editor in 0.46 ms, found 0 plugins.
Preloading 0 native plugins for Editor in 0.01 ms.
Unloading 1113 Unused Serialized files (Serialized files now loaded: 0)
System memory in use before: 61.4 MB.
System memory in use after: 61.5 MB.

Unloading 5 unused Assets to reduce memory usage. Loaded Objects now: 1600.
Total: 3.420400 ms (FindLiveObjects: 0.482500 ms CreateObjectMapping: 0.044400 ms MarkObjects: 2.829700 ms  DeleteObjects: 0.062100 ms)

========================================================================
Received Prepare
Registering precompiled user dll's ...
Registered in 0.000534 seconds.
Begin MonoManager ReloadAssembly
Native extension for WindowsStandalone target not found
Native extension for WebGL target not found
Refreshing native plugins compatible for Editor in 0.24 ms, found 0 plugins.
Preloading 0 native plugins for Editor in 0.00 ms.
Mono: successfully reloaded assembly
- Completed reload, in  0.760 seconds
Platform modules already initialized, skipping
Refreshing native plugins compatible for Editor in 0.24 ms, found 0 plugins.
Preloading 0 native plugins for Editor in 0.00 ms.
Unloading 1113 Unused Serialized files (Serialized files now loaded: 0)
System memory in use before: 61.4 MB.
System memory in use after: 61.5 MB.

Unloading 5 unused Assets to reduce memory usage. Loaded Objects now: 1603.
Total: 1.713300 ms (FindLiveObjects: 0.158600 ms CreateObjectMapping: 0.046200 ms MarkObjects: 1.440500 ms  DeleteObjects: 0.066600 ms)

========================================================================
Received Prepare
Registering precompiled user dll's ...
Registered in 0.000602 seconds.
Begin MonoManager ReloadAssembly
Native extension for WindowsStandalone target not found
Native extension for WebGL target not found
Refreshing native plugins compatible for Editor in 0.22 ms, found 0 plugins.
Preloading 0 native plugins for Editor in 0.00 ms.
Mono: successfully reloaded assembly
- Completed reload, in  0.778 seconds
Platform modules already initialized, skipping
Refreshing native plugins compatible for Editor in 0.27 ms, found 0 plugins.
Preloading 0 native plugins for Editor in 0.00 ms.
Unloading 1113 Unused Serialized files (Serialized files now loaded: 0)
System memory in use before: 61.4 MB.
System memory in use after: 61.5 MB.

Unloading 5 unused Assets to reduce memory usage. Loaded Objects now: 1606.
Total: 2.375900 ms (FindLiveObjects: 0.140600 ms CreateObjectMapping: 0.037100 ms MarkObjects: 2.141100 ms  DeleteObjects: 0.056000 ms)

========================================================================
Received Prepare
Registering precompiled user dll's ...
Registered in 0.000493 seconds.
Begin MonoManager ReloadAssembly
Native extension for WindowsStandalone target not found
Native extension for WebGL target not found
Refreshing native plugins compatible for Editor in 0.24 ms, found 0 plugins.
Preloading 0 native plugins for Editor in 0.00 ms.
Mono: successfully reloaded assembly
- Completed reload, in  0.770 seconds
Platform modules already initialized, skipping
Refreshing native plugins compatible for Editor in 0.23 ms, found 0 plugins.
Preloading 0 native plugins for Editor in 0.00 ms.
Unloading 1113 Unused Serialized files (Serialized files now loaded: 0)
System memory in use before: 61.4 MB.
System memory in use after: 61.5 MB.

Unloading 5 unused Assets to reduce memory usage. Loaded Objects now: 1609.
Total: 1.737300 ms (FindLiveObjects: 0.159200 ms CreateObjectMapping: 0.039400 ms MarkObjects: 1.476700 ms  DeleteObjects: 0.061200 ms)

========================================================================
Received Prepare
Registering precompiled user dll's ...
Registered in 0.000539 seconds.
Begin MonoManager ReloadAssembly
Native extension for WindowsStandalone target not found
Native extension for WebGL target not found
Refreshing native plugins compatible for Editor in 0.23 ms, found 0 plugins.
Preloading 0 native plugins for Editor in 0.00 ms.
Mono: successfully reloaded assembly
- Completed reload, in  0.773 seconds
Platform modules already initialized, skipping
Refreshing native plugins compatible for Editor in 0.23 ms, found 0 plugins.
Preloading 0 native plugins for Editor in 0.00 ms.
Unloading 1113 Unused Serialized files (Serialized files now loaded: 0)
System memory in use before: 61.4 MB.
System memory in use after: 61.5 MB.

Unloading 5 unused Assets to reduce memory usage. Loaded Objects now: 1612.
Total: 2.124600 ms (FindLiveObjects: 0.266300 ms CreateObjectMapping: 0.060100 ms MarkObjects: 1.712300 ms  DeleteObjects: 0.084400 ms)

========================================================================
Received Prepare
Registering precompiled user dll's ...
Registered in 0.000579 seconds.
Begin MonoManager ReloadAssembly
Native extension for WindowsStandalone target not found
Native extension for WebGL target not found
Refreshing native plugins compatible for Editor in 0.23 ms, found 0 plugins.
Preloading 0 native plugins for Editor in 0.00 ms.
Mono: successfully reloaded assembly
- Completed reload, in  0.771 seconds
Platform modules already initialized, skipping
Refreshing native plugins compatible for Editor in 0.24 ms, found 0 plugins.
Preloading 0 native plugins for Editor in 0.00 ms.
Unloading 1113 Unused Serialized files (Serialized files now loaded: 0)
System memory in use before: 61.5 MB.
System memory in use after: 61.5 MB.

Unloading 5 unused Assets to reduce memory usage. Loaded Objects now: 1615.
Total: 2.521700 ms (FindLiveObjects: 0.419300 ms CreateObjectMapping: 0.085100 ms MarkObjects: 1.948100 ms  DeleteObjects: 0.066600 ms)

========================================================================
Received Prepare
Registering precompiled user dll's ...
Registered in 0.000550 seconds.
Begin MonoManager ReloadAssembly
Native extension for WindowsStandalone target not found
Native extension for WebGL target not found
Refreshing native plugins compatible for Editor in 0.24 ms, found 0 plugins.
Preloading 0 native plugins for Editor in 0.00 ms.
Mono: successfully reloaded assembly
- Completed reload, in  0.790 seconds
Platform modules already initialized, skipping
Refreshing native plugins compatible for Editor in 0.28 ms, found 0 plugins.
Preloading 0 native plugins for Editor in 0.00 ms.
Unloading 1113 Unused Serialized files (Serialized files now loaded: 0)
System memory in use before: 61.5 MB.
System memory in use after: 61.5 MB.

Unloading 5 unused Assets to reduce memory usage. Loaded Objects now: 1618.
Total: 2.414200 ms (FindLiveObjects: 0.233500 ms CreateObjectMapping: 0.057100 ms MarkObjects: 2.062700 ms  DeleteObjects: 0.059100 ms)

========================================================================
Received Prepare
Registering precompiled user dll's ...
Registered in 0.000510 seconds.
Begin MonoManager ReloadAssembly
Native extension for WindowsStandalone target not found
Native extension for WebGL target not found
Refreshing native plugins compatible for Editor in 0.23 ms, found 0 plugins.
Preloading 0 native plugins for Editor in 0.00 ms.
Mono: successfully reloaded assembly
- Completed reload, in  0.758 seconds
Platform modules already initialized, skipping
Refreshing native plugins compatible for Editor in 0.24 ms, found 0 plugins.
Preloading 0 native plugins for Editor in 0.00 ms.
Unloading 1113 Unused Serialized files (Serialized files now loaded: 0)
System memory in use before: 61.5 MB.
System memory in use after: 61.5 MB.

Unloading 5 unused Assets to reduce memory usage. Loaded Objects now: 1621.
Total: 1.641000 ms (FindLiveObjects: 0.164600 ms CreateObjectMapping: 0.040800 ms MarkObjects: 1.382200 ms  DeleteObjects: 0.052500 ms)

========================================================================
Received Prepare
Registering precompiled user dll's ...
Registered in 0.000560 seconds.
Begin MonoManager ReloadAssembly
Native extension for WindowsStandalone target not found
Native extension for WebGL target not found
Refreshing native plugins compatible for Editor in 0.24 ms, found 0 plugins.
Preloading 0 native plugins for Editor in 0.00 ms.
Mono: successfully reloaded assembly
- Completed reload, in  0.813 seconds
Platform modules already initialized, skipping
Refreshing native plugins compatible for Editor in 0.24 ms, found 0 plugins.
Preloading 0 native plugins for Editor in 0.00 ms.
Unloading 1113 Unused Serialized files (Serialized files now loaded: 0)
System memory in use before: 61.5 MB.
System memory in use after: 61.5 MB.

Unloading 5 unused Assets to reduce memory usage. Loaded Objects now: 1624.
Total: 2.007700 ms (FindLiveObjects: 0.197500 ms CreateObjectMapping: 0.085600 ms MarkObjects: 1.640700 ms  DeleteObjects: 0.082900 ms)

========================================================================
Received Prepare
Registering precompiled user dll's ...
Registered in 0.000573 seconds.
Begin MonoManager ReloadAssembly
Native extension for WindowsStandalone target not found
Native extension for WebGL target not found
Refreshing native plugins compatible for Editor in 0.23 ms, found 0 plugins.
Preloading 0 native plugins for Editor in 0.00 ms.
Mono: successfully reloaded assembly
- Completed reload, in  0.765 seconds
Platform modules already initialized, skipping
Refreshing native plugins compatible for Editor in 0.25 ms, found 0 plugins.
Preloading 0 native plugins for Editor in 0.00 ms.
Unloading 1113 Unused Serialized files (Serialized files now loaded: 0)
System memory in use before: 61.5 MB.
System memory in use after: 61.5 MB.

Unloading 5 unused Assets to reduce memory usage. Loaded Objects now: 1627.
Total: 3.273300 ms (FindLiveObjects: 0.242900 ms CreateObjectMapping: 0.053100 ms MarkObjects: 2.896100 ms  DeleteObjects: 0.079600 ms)

========================================================================
Received Prepare
Registering precompiled user dll's ...
Registered in 0.000529 seconds.
Begin MonoManager ReloadAssembly
Native extension for WindowsStandalone target not found
Native extension for WebGL target not found
Refreshing native plugins compatible for Editor in 0.25 ms, found 0 plugins.
Preloading 0 native plugins for Editor in 0.00 ms.
Mono: successfully reloaded assembly
- Completed reload, in  0.782 seconds
Platform modules already initialized, skipping
Refreshing native plugins compatible for Editor in 0.25 ms, found 0 plugins.
Preloading 0 native plugins for Editor in 0.00 ms.
Unloading 1113 Unused Serialized files (Serialized files now loaded: 0)
System memory in use before: 61.5 MB.
System memory in use after: 61.5 MB.

Unloading 5 unused Assets to reduce memory usage. Loaded Objects now: 1630.
Total: 2.022300 ms (FindLiveObjects: 0.226400 ms CreateObjectMapping: 0.050000 ms MarkObjects: 1.681900 ms  DeleteObjects: 0.063000 ms)

========================================================================
Received Prepare
Registering precompiled user dll's ...
Registered in 0.000593 seconds.
Begin MonoManager ReloadAssembly
Native extension for WindowsStandalone target not found
Native extension for WebGL target not found
Refreshing native plugins compatible for Editor in 0.46 ms, found 0 plugins.
Preloading 0 native plugins for Editor in 0.00 ms.
Mono: successfully reloaded assembly
- Completed reload, in  0.892 seconds
Platform modules already initialized, skipping
Refreshing native plugins compatible for Editor in 0.26 ms, found 0 plugins.
Preloading 0 native plugins for Editor in 0.00 ms.
Unloading 1113 Unused Serialized files (Serialized files now loaded: 0)
System memory in use before: 61.5 MB.
System memory in use after: 61.6 MB.

Unloading 5 unused Assets to reduce memory usage. Loaded Objects now: 1633.
Total: 2.085300 ms (FindLiveObjects: 0.226000 ms CreateObjectMapping: 0.043000 ms MarkObjects: 1.758700 ms  DeleteObjects: 0.056500 ms)

========================================================================
Received Import Request.
  Time since last request: 1298.185111 seconds.
  path: Assets/Fonts/1.ttf
  artifactKey: Guid(af2ec72fc7eb0884ea8690c36a272079) Importer(815301076,1909f56bfc062723c751e8b465ee728b)
Start importing Assets/Fonts/1.ttf using Guid(af2ec72fc7eb0884ea8690c36a272079) Importer(815301076,1909f56bfc062723c751e8b465ee728b)  -> (artifact id: 'cdd0fb154512d3c6de02bb6df54b1d27') in 0.113241 seconds
  Import took 0.115983 seconds .

========================================================================
Received Import Request.
  Time since last request: 0.000193 seconds.
  path: Assets/Fonts/4.ttf
  artifactKey: Guid(c8b4040c7736b84418eac656af21b437) Importer(815301076,1909f56bfc062723c751e8b465ee728b)
Start importing Assets/Fonts/4.ttf using Guid(c8b4040c7736b84418eac656af21b437) Importer(815301076,1909f56bfc062723c751e8b465ee728b)  -> (artifact id: 'b58b04af3c82efc37d37860a2009b5c0') in 0.024437 seconds
  Import took 0.026863 seconds .

========================================================================
Received Import Request.
  Time since last request: 0.000240 seconds.
  path: Assets/Fonts/3.ttf
  artifactKey: Guid(f044fc2300e883c48b5078d9773ba726) Importer(815301076,1909f56bfc062723c751e8b465ee728b)
Start importing Assets/Fonts/3.ttf using Guid(f044fc2300e883c48b5078d9773ba726) Importer(815301076,1909f56bfc062723c751e8b465ee728b)  -> (artifact id: '06a230568b160944e110b5975148f125') in 0.022431 seconds
  Import took 0.025362 seconds .

========================================================================
Received Import Request.
  Time since last request: 0.000241 seconds.
  path: Assets/Fonts/5.ttf
  artifactKey: Guid(9d7af476243491d448a2801a7de435d3) Importer(815301076,1909f56bfc062723c751e8b465ee728b)
Start importing Assets/Fonts/5.ttf using Guid(9d7af476243491d448a2801a7de435d3) Importer(815301076,1909f56bfc062723c751e8b465ee728b)  -> (artifact id: '914463b01d54654b8962a2f2b235055a') in 0.024422 seconds
  Import took 0.027314 seconds .

========================================================================
Received Import Request.
  Time since last request: 0.000190 seconds.
  path: Assets/Fonts/2.ttf
  artifactKey: Guid(e73ae54c9ef6dcc46a0d39ec7e6d04c0) Importer(815301076,1909f56bfc062723c751e8b465ee728b)
Start importing Assets/Fonts/2.ttf using Guid(e73ae54c9ef6dcc46a0d39ec7e6d04c0) Importer(815301076,1909f56bfc062723c751e8b465ee728b)  -> (artifact id: '23f91d11e245f7984f8b6bd058c91335') in 0.022681 seconds
  Import took 0.024729 seconds .

========================================================================
Received Prepare
Registering precompiled user dll's ...
Registered in 0.000967 seconds.
Begin MonoManager ReloadAssembly
Native extension for WindowsStandalone target not found
Native extension for WebGL target not found
Refreshing native plugins compatible for Editor in 0.23 ms, found 0 plugins.
Preloading 0 native plugins for Editor in 0.00 ms.
Mono: successfully reloaded assembly
- Completed reload, in  0.799 seconds
Platform modules already initialized, skipping
Refreshing native plugins compatible for Editor in 0.24 ms, found 0 plugins.
Preloading 0 native plugins for Editor in 0.00 ms.
Unloading 1113 Unused Serialized files (Serialized files now loaded: 0)
System memory in use before: 61.8 MB.
System memory in use after: 61.9 MB.

Unloading 5 unused Assets to reduce memory usage. Loaded Objects now: 1674.
Total: 1.653500 ms (FindLiveObjects: 0.148600 ms CreateObjectMapping: 0.040400 ms MarkObjects: 1.410500 ms  DeleteObjects: 0.052700 ms)

========================================================================
Received Import Request.
  Time since last request: 519.145890 seconds.
  path: Assets/UI Animations
  artifactKey: Guid(f0ed3e17486bca647ae01aadcba31e8d) Importer(815301076,1909f56bfc062723c751e8b465ee728b)
Start importing Assets/UI Animations using Guid(f0ed3e17486bca647ae01aadcba31e8d) Importer(815301076,1909f56bfc062723c751e8b465ee728b)  -> (artifact id: '9a70967590d5d0c6005e38efd0d91574') in 0.011324 seconds
  Import took 0.014344 seconds .

========================================================================
Received Import Request.
  Time since last request: 2.421867 seconds.
  path: Assets/Prefabs/StartIdle.anim
  artifactKey: Guid(7a16c18f40cc8bf488935d113e057066) Importer(815301076,1909f56bfc062723c751e8b465ee728b)
Start importing Assets/Prefabs/StartIdle.anim using Guid(7a16c18f40cc8bf488935d113e057066) Importer(815301076,1909f56bfc062723c751e8b465ee728b)  -> (artifact id: 'c903d5f74879851ca96a4413492231a4') in 0.017384 seconds
  Import took 0.019764 seconds .

========================================================================
Received Import Request.
  Time since last request: 12.052094 seconds.
  path: Assets/Sprites/Buttons
  artifactKey: Guid(da51e0cfd2580914b946f7b8e8d750a0) Importer(815301076,1909f56bfc062723c751e8b465ee728b)
Start importing Assets/Sprites/Buttons using Guid(da51e0cfd2580914b946f7b8e8d750a0) Importer(815301076,1909f56bfc062723c751e8b465ee728b)  -> (artifact id: '851d5a3b18031b2580bafb15edfa98c3') in 0.008644 seconds
  Import took 0.011513 seconds .

========================================================================
Received Import Request.
  Time since last request: 0.066305 seconds.
  path: Assets/Sprites/Buttons/Finger.png
  artifactKey: Guid(f324dafa475ce814685f2e444f4fca5c) Importer(815301076,1909f56bfc062723c751e8b465ee728b)
Start importing Assets/Sprites/Buttons/Finger.png using Guid(f324dafa475ce814685f2e444f4fca5c) Importer(815301076,1909f56bfc062723c751e8b465ee728b)  -> (artifact id: '6d3ae5c722abd7cf0850a3401b9413d8') in 0.063388 seconds
  Import took 0.065795 seconds .

========================================================================
Received Import Request.
  Time since last request: 0.000205 seconds.
  path: Assets/Sprites/Buttons/restore.png
  artifactKey: Guid(f9c7a5cf2880236439703acfc9936aae) Importer(815301076,1909f56bfc062723c751e8b465ee728b)
Start importing Assets/Sprites/Buttons/restore.png using Guid(f9c7a5cf2880236439703acfc9936aae) Importer(815301076,1909f56bfc062723c751e8b465ee728b)  -> (artifact id: 'b9aa8126cf3801689f1b4c89fdd0677c') in 0.028667 seconds
  Import took 0.030811 seconds .

========================================================================
Received Import Request.
  Time since last request: 0.000203 seconds.
  path: Assets/Sprites/Buttons/volume On.png
  artifactKey: Guid(30f3c74403fd8c04f9632f9ed487e1f6) Importer(815301076,1909f56bfc062723c751e8b465ee728b)
Start importing Assets/Sprites/Buttons/volume On.png using Guid(30f3c74403fd8c04f9632f9ed487e1f6) Importer(815301076,1909f56bfc062723c751e8b465ee728b)  -> (artifact id: '07df818b4ea964af209692b8771a7a4a') in 0.029843 seconds
  Import took 0.032121 seconds .

========================================================================
Received Import Request.
  Time since last request: 0.000229 seconds.
  path: Assets/Sprites/Buttons/Like.png
  artifactKey: Guid(61cce062cbf08ab4ab619bae99b593aa) Importer(815301076,1909f56bfc062723c751e8b465ee728b)
Start importing Assets/Sprites/Buttons/Like.png using Guid(61cce062cbf08ab4ab619bae99b593aa) Importer(815301076,1909f56bfc062723c751e8b465ee728b)  -> (artifact id: '8818e1f8bffb39ec4ad2da636b044d7a') in 0.033398 seconds
  Import took 0.035835 seconds .

========================================================================
Received Import Request.
  Time since last request: 0.000207 seconds.
  path: Assets/Sprites/Buttons/volume-off.png
  artifactKey: Guid(4546beb25f5d0f645b00e3287d5c2c16) Importer(815301076,1909f56bfc062723c751e8b465ee728b)
Start importing Assets/Sprites/Buttons/volume-off.png using Guid(4546beb25f5d0f645b00e3287d5c2c16) Importer(815301076,1909f56bfc062723c751e8b465ee728b)  -> (artifact id: '458ddbe0e98edbb07e536ebd1eb41c9f') in 0.027951 seconds
  Import took 0.030420 seconds .

========================================================================
Received Import Request.
  Time since last request: 0.000200 seconds.
  path: Assets/Sprites/Buttons/vibration Off.png
  artifactKey: Guid(9affcb2b1598b274e8c2cd4f829ab3e5) Importer(815301076,1909f56bfc062723c751e8b465ee728b)
Start importing Assets/Sprites/Buttons/vibration Off.png using Guid(9affcb2b1598b274e8c2cd4f829ab3e5) Importer(815301076,1909f56bfc062723c751e8b465ee728b)  -> (artifact id: '8328f318c823730d4cff6f25715129a0') in 0.029796 seconds
  Import took 0.032020 seconds .

========================================================================
Received Import Request.
  Time since last request: 0.000200 seconds.
  path: Assets/Sprites/Buttons/noads.png
  artifactKey: Guid(f04342f4ec5a8dc439df013652704b9c) Importer(815301076,1909f56bfc062723c751e8b465ee728b)
Start importing Assets/Sprites/Buttons/noads.png using Guid(f04342f4ec5a8dc439df013652704b9c) Importer(815301076,1909f56bfc062723c751e8b465ee728b)  -> (artifact id: '274bd6148591e7520f273887711894b7') in 0.033475 seconds
  Import took 0.035679 seconds .

========================================================================
Received Import Request.
  Time since last request: 0.000243 seconds.
  path: Assets/Sprites/Buttons/settings.png
  artifactKey: Guid(42bf7e0c81853234fb608c143dbaca1e) Importer(815301076,1909f56bfc062723c751e8b465ee728b)
Start importing Assets/Sprites/Buttons/settings.png using Guid(42bf7e0c81853234fb608c143dbaca1e) Importer(815301076,1909f56bfc062723c751e8b465ee728b)  -> (artifact id: '8197be715ec757d26597282de45be430') in 0.030090 seconds
  Import took 0.032286 seconds .

========================================================================
Received Import Request.
  Time since last request: 0.000191 seconds.
  path: Assets/Sprites/Buttons/vibration On.png
  artifactKey: Guid(4c672ad062e84854b89a9ae2fdd878d4) Importer(815301076,1909f56bfc062723c751e8b465ee728b)
Start importing Assets/Sprites/Buttons/vibration On.png using Guid(4c672ad062e84854b89a9ae2fdd878d4) Importer(815301076,1909f56bfc062723c751e8b465ee728b)  -> (artifact id: '49cea943738cb3c2870ba41e5a26a98d') in 0.029077 seconds
  Import took 0.031805 seconds .

========================================================================
Received Import Request.
  Time since last request: 12.622305 seconds.
  path: Assets/Sprites/Levels/Levels.png
  artifactKey: Guid(e02caf80391324b4792c700801922099) Importer(815301076,1909f56bfc062723c751e8b465ee728b)
Start importing Assets/Sprites/Levels/Levels.png using Guid(e02caf80391324b4792c700801922099) Importer(815301076,1909f56bfc062723c751e8b465ee728b)  -> (artifact id: '2fe1930c848239d9fa1b407d251c7f6b') in 0.055663 seconds
  Import took 0.057944 seconds .

========================================================================
Received Import Request.
  Time since last request: 0.000206 seconds.
  path: Assets/Sprites/Finish/x8.png
  artifactKey: Guid(e9aec05c118b6e946bea4e2028adcff1) Importer(815301076,1909f56bfc062723c751e8b465ee728b)
Start importing Assets/Sprites/Finish/x8.png using Guid(e9aec05c118b6e946bea4e2028adcff1) Importer(815301076,1909f56bfc062723c751e8b465ee728b)  -> (artifact id: '511fc5f360ebbf0f7dac9a38f0aa454c') in 0.027426 seconds
  Import took 0.029626 seconds .

========================================================================
Received Import Request.
  Time since last request: 0.000243 seconds.
  path: Assets/Sprites/Finish/x50.png
  artifactKey: Guid(3bc401dbf55815f47bcd52a24b8035fd) Importer(815301076,1909f56bfc062723c751e8b465ee728b)
Start importing Assets/Sprites/Finish/x50.png using Guid(3bc401dbf55815f47bcd52a24b8035fd) Importer(815301076,1909f56bfc062723c751e8b465ee728b)  -> (artifact id: '5afe5a31631f5556153ac8fa831f9b21') in 0.030778 seconds
  Import took 0.032959 seconds .

========================================================================
Received Import Request.
  Time since last request: 0.000211 seconds.
  path: Assets/Sprites/Finish/x2.png
  artifactKey: Guid(cbe370c948809494fbbb1e79ea652315) Importer(815301076,1909f56bfc062723c751e8b465ee728b)
Start importing Assets/Sprites/Finish/x2.png using Guid(cbe370c948809494fbbb1e79ea652315) Importer(815301076,1909f56bfc062723c751e8b465ee728b)  -> (artifact id: '027609356e2a380b1cfcb2ba1dcf6f99') in 0.031116 seconds
  Import took 0.033743 seconds .

========================================================================
Received Import Request.
  Time since last request: 0.000297 seconds.
  path: Assets/Sprites/Finish/x5.png
  artifactKey: Guid(689dc1c6abb936340b2f3db529b3ca9f) Importer(815301076,1909f56bfc062723c751e8b465ee728b)
Start importing Assets/Sprites/Finish/x5.png using Guid(689dc1c6abb936340b2f3db529b3ca9f) Importer(815301076,1909f56bfc062723c751e8b465ee728b)  -> (artifact id: '957b95d965ec371dfbfa49787d46eddf') in 0.032530 seconds
  Import took 0.034877 seconds .

========================================================================
Received Import Request.
  Time since last request: 0.000229 seconds.
  path: Assets/Sprites/Finish/x100.png
  artifactKey: Guid(9d750c758ad2f3e45b41a2cf407116ac) Importer(815301076,1909f56bfc062723c751e8b465ee728b)
Start importing Assets/Sprites/Finish/x100.png using Guid(9d750c758ad2f3e45b41a2cf407116ac) Importer(815301076,1909f56bfc062723c751e8b465ee728b)  -> (artifact id: 'aae5e35924e8fb7306986039cb8d0d22') in 0.030940 seconds
  Import took 0.033488 seconds .

========================================================================
Received Import Request.
  Time since last request: 0.000223 seconds.
  path: Assets/Sprites/Finish/x6.png
  artifactKey: Guid(d466a38ad343f844884ab73e018a497f) Importer(815301076,1909f56bfc062723c751e8b465ee728b)
Start importing Assets/Sprites/Finish/x6.png using Guid(d466a38ad343f844884ab73e018a497f) Importer(815301076,1909f56bfc062723c751e8b465ee728b)  -> (artifact id: 'ac06eb1e20efa707344bbea5a5e06ea1') in 0.028592 seconds
  Import took 0.030850 seconds .

========================================================================
Received Import Request.
  Time since last request: 0.000248 seconds.
  path: Assets/Sprites/Finish/x40.png
  artifactKey: Guid(2e456373310ac684284fb6b5a7ce117b) Importer(815301076,1909f56bfc062723c751e8b465ee728b)
Start importing Assets/Sprites/Finish/x40.png using Guid(2e456373310ac684284fb6b5a7ce117b) Importer(815301076,1909f56bfc062723c751e8b465ee728b)  -> (artifact id: 'b18246c51ca8226d8ddd3ee5ec509b36') in 0.028681 seconds
  Import took 0.031404 seconds .

========================================================================
Received Import Request.
  Time since last request: 0.000255 seconds.
  path: Assets/Sprites/Finish/x9.png
  artifactKey: Guid(6d50f4819902cdb489909d06851a53f8) Importer(815301076,1909f56bfc062723c751e8b465ee728b)
Start importing Assets/Sprites/Finish/x9.png using Guid(6d50f4819902cdb489909d06851a53f8) Importer(815301076,1909f56bfc062723c751e8b465ee728b)  -> (artifact id: '054f023cfc826791ca65ca26424db248') in 0.037955 seconds
  Import took 0.040485 seconds .

========================================================================
Received Import Request.
  Time since last request: 0.000280 seconds.
  path: Assets/Sprites/Finish/x30.png
  artifactKey: Guid(90a832e9cf1d3bd4fb9fdb902c682b84) Importer(815301076,1909f56bfc062723c751e8b465ee728b)
Start importing Assets/Sprites/Finish/x30.png using Guid(90a832e9cf1d3bd4fb9fdb902c682b84) Importer(815301076,1909f56bfc062723c751e8b465ee728b)  -> (artifact id: '3a21b3c8bf813637a95abd9199caf243') in 0.025146 seconds
  Import took 0.027436 seconds .

========================================================================
Received Import Request.
  Time since last request: 0.000211 seconds.
  path: Assets/Sprites/Finish/x70.png
  artifactKey: Guid(6b787e163264ee740842a2aed3204bda) Importer(815301076,1909f56bfc062723c751e8b465ee728b)
Start importing Assets/Sprites/Finish/x70.png using Guid(6b787e163264ee740842a2aed3204bda) Importer(815301076,1909f56bfc062723c751e8b465ee728b)  -> (artifact id: '67e5250d3079c3f1cccc1f4e3978ec56') in 0.027838 seconds
  Import took 0.031043 seconds .

========================================================================
Received Import Request.
  Time since last request: 0.000211 seconds.
  path: Assets/Sprites/Finish/x7.png
  artifactKey: Guid(e4b040637bfcda044b7799b6e15fca9a) Importer(815301076,1909f56bfc062723c751e8b465ee728b)
Start importing Assets/Sprites/Finish/x7.png using Guid(e4b040637bfcda044b7799b6e15fca9a) Importer(815301076,1909f56bfc062723c751e8b465ee728b)  -> (artifact id: 'f9af78350ffa9dac798fba37e43eebe6') in 0.039466 seconds
  Import took 0.042328 seconds .

========================================================================
Received Import Request.
  Time since last request: 0.000188 seconds.
  path: Assets/Sprites/Finish/x3.png
  artifactKey: Guid(c8c3b1102fb60bf429d8382fa8014051) Importer(815301076,1909f56bfc062723c751e8b465ee728b)
Start importing Assets/Sprites/Finish/x3.png using Guid(c8c3b1102fb60bf429d8382fa8014051) Importer(815301076,1909f56bfc062723c751e8b465ee728b)  -> (artifact id: 'f7fef1b4497372d81bfd48e353f10afe') in 0.026911 seconds
  Import took 0.029365 seconds .

========================================================================
Received Import Request.
  Time since last request: 0.000247 seconds.
  path: Assets/Sprites/Levels/Levels_Opened.png
  artifactKey: Guid(f27f40d3b30c71543ae1adf8be58ccf2) Importer(815301076,1909f56bfc062723c751e8b465ee728b)
Start importing Assets/Sprites/Levels/Levels_Opened.png using Guid(f27f40d3b30c71543ae1adf8be58ccf2) Importer(815301076,1909f56bfc062723c751e8b465ee728b)  -> (artifact id: '2307194f51f22a2b4d62e100f503dadd') in 0.061966 seconds
  Import took 0.064538 seconds .

========================================================================
Received Import Request.
  Time since last request: 0.000183 seconds.
  path: Assets/Sprites/Finish/x10.png
  artifactKey: Guid(41b54b742d3ead549905dc6951a94c2f) Importer(815301076,1909f56bfc062723c751e8b465ee728b)
Start importing Assets/Sprites/Finish/x10.png using Guid(41b54b742d3ead549905dc6951a94c2f) Importer(815301076,1909f56bfc062723c751e8b465ee728b)  -> (artifact id: '54046df8ba27bd2db05f22fda2b5ec77') in 0.033171 seconds
  Import took 0.035640 seconds .

========================================================================
Received Import Request.
  Time since last request: 0.000216 seconds.
  path: Assets/Sprites/Finish/x1.png
  artifactKey: Guid(0d244f3249c3b0b408528e945ad181ed) Importer(815301076,1909f56bfc062723c751e8b465ee728b)
Start importing Assets/Sprites/Finish/x1.png using Guid(0d244f3249c3b0b408528e945ad181ed) Importer(815301076,1909f56bfc062723c751e8b465ee728b)  -> (artifact id: 'aa3805d512b1ea80ffba5edb0349d46e') in 0.024477 seconds
  Import took 0.026646 seconds .

========================================================================
Received Import Request.
  Time since last request: 0.000194 seconds.
  path: Assets/Sprites/Finish/x20.png
  artifactKey: Guid(6ffde7cb9180c964aa6385d4cdfd0759) Importer(815301076,1909f56bfc062723c751e8b465ee728b)
Start importing Assets/Sprites/Finish/x20.png using Guid(6ffde7cb9180c964aa6385d4cdfd0759) Importer(815301076,1909f56bfc062723c751e8b465ee728b)  -> (artifact id: 'e75040714f61df6b0275407e8339bf5f') in 0.031127 seconds
  Import took 0.033227 seconds .

========================================================================
Received Import Request.
  Time since last request: 0.000230 seconds.
  path: Assets/Sprites/Finish/x4.png
  artifactKey: Guid(3c039be4a88fc3f428dd28f9e7bc3bbf) Importer(815301076,1909f56bfc062723c751e8b465ee728b)
Start importing Assets/Sprites/Finish/x4.png using Guid(3c039be4a88fc3f428dd28f9e7bc3bbf) Importer(815301076,1909f56bfc062723c751e8b465ee728b)  -> (artifact id: '77ea082599c10114a5e5f54ed5f2dfb2') in 0.033669 seconds
  Import took 0.036020 seconds .

========================================================================
Received Import Request.
  Time since last request: 779.475706 seconds.
  path: Assets/Scripts/LevelController.cs
  artifactKey: Guid(17154152cfd22014caeb7c2f0140e0a0) Importer(815301076,1909f56bfc062723c751e8b465ee728b)
Start importing Assets/Scripts/LevelController.cs using Guid(17154152cfd22014caeb7c2f0140e0a0) Importer(815301076,1909f56bfc062723c751e8b465ee728b)  -> (artifact id: '8a7cab1d1283e3f1aabd8d5bab5e9f26') in 0.013361 seconds
  Import took 0.016319 seconds .

========================================================================
Received Prepare
Registering precompiled user dll's ...
Registered in 0.001002 seconds.
Begin MonoManager ReloadAssembly
Native extension for WindowsStandalone target not found
Native extension for WebGL target not found
Refreshing native plugins compatible for Editor in 0.23 ms, found 0 plugins.
Preloading 0 native plugins for Editor in 0.00 ms.
Mono: successfully reloaded assembly
- Completed reload, in  0.847 seconds
Platform modules already initialized, skipping
Refreshing native plugins compatible for Editor in 0.23 ms, found 0 plugins.
Preloading 0 native plugins for Editor in 0.00 ms.
Unloading 1114 Unused Serialized files (Serialized files now loaded: 0)
System memory in use before: 61.9 MB.
System memory in use after: 62.0 MB.

Unloading 5 unused Assets to reduce memory usage. Loaded Objects now: 1687.
Total: 1.646300 ms (FindLiveObjects: 0.145200 ms CreateObjectMapping: 0.035900 ms MarkObjects: 1.384200 ms  DeleteObjects: 0.080200 ms)

========================================================================
Received Import Request.
  Time since last request: 433.876841 seconds.
  path: Assets/Scripts/PlayerController.cs
  artifactKey: Guid(8c4032b03e9d7e147acd4da4378294ec) Importer(815301076,1909f56bfc062723c751e8b465ee728b)
Start importing Assets/Scripts/PlayerController.cs using Guid(8c4032b03e9d7e147acd4da4378294ec) Importer(815301076,1909f56bfc062723c751e8b465ee728b)  -> (artifact id: '3debcd5887cbff9ecd13b250ec49fbfe') in 0.011398 seconds
  Import took 0.014131 seconds .

========================================================================
Received Import Request.
  Time since last request: 0.028584 seconds.
  path: Assets/Scripts/PlayerController.cs
  artifactKey: Guid(8c4032b03e9d7e147acd4da4378294ec) Importer(815301076,1909f56bfc062723c751e8b465ee728b)
Start importing Assets/Scripts/PlayerController.cs using Guid(8c4032b03e9d7e147acd4da4378294ec) Importer(815301076,1909f56bfc062723c751e8b465ee728b)  -> (artifact id: '3debcd5887cbff9ecd13b250ec49fbfe') in 0.002810 seconds
  Import took 0.005807 seconds .

========================================================================
Received Prepare
Registering precompiled user dll's ...
Registered in 0.000700 seconds.
Begin MonoManager ReloadAssembly
Native extension for WindowsStandalone target not found
Native extension for WebGL target not found
Refreshing native plugins compatible for Editor in 0.23 ms, found 0 plugins.
Preloading 0 native plugins for Editor in 0.00 ms.
Mono: successfully reloaded assembly
- Completed reload, in  0.837 seconds
Platform modules already initialized, skipping
Refreshing native plugins compatible for Editor in 0.29 ms, found 0 plugins.
Preloading 0 native plugins for Editor in 0.00 ms.
Unloading 1114 Unused Serialized files (Serialized files now loaded: 0)
System memory in use before: 61.9 MB.
System memory in use after: 62.0 MB.

Unloading 5 unused Assets to reduce memory usage. Loaded Objects now: 1690.
Total: 2.345900 ms (FindLiveObjects: 0.285900 ms CreateObjectMapping: 0.141700 ms MarkObjects: 1.855100 ms  DeleteObjects: 0.061500 ms)

========================================================================
Received Import Request.
  Time since last request: 268.288055 seconds.
  path: Assets/Scripts/LevelController.cs
  artifactKey: Guid(17154152cfd22014caeb7c2f0140e0a0) Importer(815301076,1909f56bfc062723c751e8b465ee728b)
Start importing Assets/Scripts/LevelController.cs using Guid(17154152cfd22014caeb7c2f0140e0a0) Importer(815301076,1909f56bfc062723c751e8b465ee728b)  -> (artifact id: '49cd30a7a9259c05eaf52165e83d2377') in 0.005005 seconds
  Import took 0.007541 seconds .

========================================================================
Received Import Request.
  Time since last request: 4.061257 seconds.
  path: Assets/Scenes/SampleScene.unity
  artifactKey: Guid(9fc0d4010bbf28b4594072e72b8655ab) Importer(815301076,1909f56bfc062723c751e8b465ee728b)
Start importing Assets/Scenes/SampleScene.unity using Guid(9fc0d4010bbf28b4594072e72b8655ab) Importer(815301076,1909f56bfc062723c751e8b465ee728b)  -> (artifact id: 'a71f4296cb6bbeda83b8fa64bf6c0bb5') in 0.014636 seconds
  Import took 0.017168 seconds .

========================================================================
Received Import Request.
  Time since last request: 4.695639 seconds.
  path: Assets/Scenes/Level 0.unity
  artifactKey: Guid(9fc0d4010bbf28b4594072e72b8655ab) Importer(815301076,1909f56bfc062723c751e8b465ee728b)
Start importing Assets/Scenes/Level 0.unity using Guid(9fc0d4010bbf28b4594072e72b8655ab) Importer(815301076,1909f56bfc062723c751e8b465ee728b)  -> (artifact id: 'f7b73e6132d956058ab22d2f85eacc8f') in 0.007749 seconds
  Import took 0.010145 seconds .

========================================================================
Received Prepare
Registering precompiled user dll's ...
Registered in 0.000643 seconds.
Begin MonoManager ReloadAssembly
Native extension for WindowsStandalone target not found
Native extension for WebGL target not found
Refreshing native plugins compatible for Editor in 0.23 ms, found 0 plugins.
Preloading 0 native plugins for Editor in 0.00 ms.
Mono: successfully reloaded assembly
- Completed reload, in  0.762 seconds
Platform modules already initialized, skipping
Refreshing native plugins compatible for Editor in 0.23 ms, found 0 plugins.
Preloading 0 native plugins for Editor in 0.00 ms.
Unloading 1114 Unused Serialized files (Serialized files now loaded: 0)
System memory in use before: 61.9 MB.
System memory in use after: 62.0 MB.

Unloading 5 unused Assets to reduce memory usage. Loaded Objects now: 1693.
Total: 1.751800 ms (FindLiveObjects: 0.167200 ms CreateObjectMapping: 0.043800 ms MarkObjects: 1.491100 ms  DeleteObjects: 0.048800 ms)

========================================================================
Received Prepare
Registering precompiled user dll's ...
Registered in 0.000547 seconds.
Begin MonoManager ReloadAssembly
Native extension for WindowsStandalone target not found
Native extension for WebGL target not found
Refreshing native plugins compatible for Editor in 0.23 ms, found 0 plugins.
Preloading 0 native plugins for Editor in 0.00 ms.
Mono: successfully reloaded assembly
- Completed reload, in  0.786 seconds
Platform modules already initialized, skipping
Refreshing native plugins compatible for Editor in 0.27 ms, found 0 plugins.
Preloading 0 native plugins for Editor in 0.00 ms.
Unloading 1114 Unused Serialized files (Serialized files now loaded: 0)
System memory in use before: 61.9 MB.
System memory in use after: 62.0 MB.

Unloading 5 unused Assets to reduce memory usage. Loaded Objects now: 1696.
Total: 2.489100 ms (FindLiveObjects: 0.248500 ms CreateObjectMapping: 0.060400 ms MarkObjects: 2.115600 ms  DeleteObjects: 0.063400 ms)

========================================================================
Received Prepare
Registering precompiled user dll's ...
Registered in 0.000588 seconds.
Begin MonoManager ReloadAssembly
Native extension for WindowsStandalone target not found
Native extension for WebGL target not found
Refreshing native plugins compatible for Editor in 0.23 ms, found 0 plugins.
Preloading 0 native plugins for Editor in 0.00 ms.
Mono: successfully reloaded assembly
- Completed reload, in  0.752 seconds
Platform modules already initialized, skipping
Refreshing native plugins compatible for Editor in 0.23 ms, found 0 plugins.
Preloading 0 native plugins for Editor in 0.00 ms.
Unloading 1114 Unused Serialized files (Serialized files now loaded: 0)
System memory in use before: 61.9 MB.
System memory in use after: 62.0 MB.

Unloading 5 unused Assets to reduce memory usage. Loaded Objects now: 1699.
Total: 1.873700 ms (FindLiveObjects: 0.194000 ms CreateObjectMapping: 0.045000 ms MarkObjects: 1.554900 ms  DeleteObjects: 0.078700 ms)

========================================================================
Received Prepare
Registering precompiled user dll's ...
Registered in 0.000576 seconds.
Begin MonoManager ReloadAssembly
Native extension for WindowsStandalone target not found
Native extension for WebGL target not found
Refreshing native plugins compatible for Editor in 0.25 ms, found 0 plugins.
Preloading 0 native plugins for Editor in 0.00 ms.
Mono: successfully reloaded assembly
- Completed reload, in  0.788 seconds
Platform modules already initialized, skipping
Refreshing native plugins compatible for Editor in 0.23 ms, found 0 plugins.
Preloading 0 native plugins for Editor in 0.00 ms.
Unloading 1114 Unused Serialized files (Serialized files now loaded: 0)
System memory in use before: 62.0 MB.
System memory in use after: 62.0 MB.

Unloading 5 unused Assets to reduce memory usage. Loaded Objects now: 1702.
Total: 1.906500 ms (FindLiveObjects: 0.190700 ms CreateObjectMapping: 0.039800 ms MarkObjects: 1.574600 ms  DeleteObjects: 0.100400 ms)

========================================================================
Received Prepare
Registering precompiled user dll's ...
Registered in 0.000665 seconds.
Begin MonoManager ReloadAssembly
Native extension for WindowsStandalone target not found
Native extension for WebGL target not found
Refreshing native plugins compatible for Editor in 0.23 ms, found 0 plugins.
Preloading 0 native plugins for Editor in 0.00 ms.
Mono: successfully reloaded assembly
- Completed reload, in  0.777 seconds
Platform modules already initialized, skipping
Refreshing native plugins compatible for Editor in 0.23 ms, found 0 plugins.
Preloading 0 native plugins for Editor in 0.00 ms.
Unloading 1114 Unused Serialized files (Serialized files now loaded: 0)
System memory in use before: 62.0 MB.
System memory in use after: 62.0 MB.

Unloading 5 unused Assets to reduce memory usage. Loaded Objects now: 1705.
Total: 1.629600 ms (FindLiveObjects: 0.149400 ms CreateObjectMapping: 0.039400 ms MarkObjects: 1.365300 ms  DeleteObjects: 0.074700 ms)

========================================================================
Received Prepare
Registering precompiled user dll's ...
Registered in 0.001284 seconds.
Begin MonoManager ReloadAssembly
Native extension for WindowsStandalone target not found
Native extension for WebGL target not found
Refreshing native plugins compatible for Editor in 0.23 ms, found 0 plugins.
Preloading 0 native plugins for Editor in 0.00 ms.
Mono: successfully reloaded assembly
- Completed reload, in  0.796 seconds
Platform modules already initialized, skipping
Refreshing native plugins compatible for Editor in 0.24 ms, found 0 plugins.
Preloading 0 native plugins for Editor in 0.00 ms.
Unloading 1114 Unused Serialized files (Serialized files now loaded: 0)
System memory in use before: 62.0 MB.
System memory in use after: 62.0 MB.

Unloading 5 unused Assets to reduce memory usage. Loaded Objects now: 1708.
Total: 2.083700 ms (FindLiveObjects: 0.188200 ms CreateObjectMapping: 0.082800 ms MarkObjects: 1.721900 ms  DeleteObjects: 0.090100 ms)

========================================================================
Received Prepare
Registering precompiled user dll's ...
Registered in 0.000551 seconds.
Begin MonoManager ReloadAssembly
Native extension for WindowsStandalone target not found
Native extension for WebGL target not found
Refreshing native plugins compatible for Editor in 0.29 ms, found 0 plugins.
Preloading 0 native plugins for Editor in 0.00 ms.
Mono: successfully reloaded assembly
- Completed reload, in  0.847 seconds
Platform modules already initialized, skipping
Refreshing native plugins compatible for Editor in 0.24 ms, found 0 plugins.
Preloading 0 native plugins for Editor in 0.00 ms.
Unloading 1114 Unused Serialized files (Serialized files now loaded: 0)
System memory in use before: 62.0 MB.
System memory in use after: 62.0 MB.

Unloading 5 unused Assets to reduce memory usage. Loaded Objects now: 1711.
Total: 3.119000 ms (FindLiveObjects: 0.213300 ms CreateObjectMapping: 0.073600 ms MarkObjects: 2.755200 ms  DeleteObjects: 0.075300 ms)

========================================================================
Received Import Request.
  Time since last request: 715.745055 seconds.
  path: Assets/PlayerAnimations/PlayerAnimator.controller
  artifactKey: Guid(ec51641a5e7dca3438f78364597bfff4) Importer(815301076,1909f56bfc062723c751e8b465ee728b)
Start importing Assets/PlayerAnimations/PlayerAnimator.controller using Guid(ec51641a5e7dca3438f78364597bfff4) Importer(815301076,1909f56bfc062723c751e8b465ee728b)  -> (artifact id: '853de70fd560a8ea1c0fbc575458d18f') in 0.046744 seconds
  Import took 0.049750 seconds .

========================================================================
Received Prepare
Registering precompiled user dll's ...
Registered in 0.000721 seconds.
Begin MonoManager ReloadAssembly
Native extension for WindowsStandalone target not found
Native extension for WebGL target not found
Refreshing native plugins compatible for Editor in 0.23 ms, found 0 plugins.
Preloading 0 native plugins for Editor in 0.00 ms.
Mono: successfully reloaded assembly
- Completed reload, in  0.734 seconds
Platform modules already initialized, skipping
Refreshing native plugins compatible for Editor in 0.23 ms, found 0 plugins.
Preloading 0 native plugins for Editor in 0.00 ms.
Unloading 1114 Unused Serialized files (Serialized files now loaded: 0)
System memory in use before: 62.0 MB.
System memory in use after: 62.1 MB.

Unloading 5 unused Assets to reduce memory usage. Loaded Objects now: 1714.
Total: 2.301300 ms (FindLiveObjects: 0.364800 ms CreateObjectMapping: 0.084700 ms MarkObjects: 1.782900 ms  DeleteObjects: 0.066500 ms)

========================================================================
Received Prepare
Registering precompiled user dll's ...
Registered in 0.000729 seconds.
Begin MonoManager ReloadAssembly
Native extension for WindowsStandalone target not found
Native extension for WebGL target not found
Refreshing native plugins compatible for Editor in 0.28 ms, found 0 plugins.
Preloading 0 native plugins for Editor in 0.00 ms.
Mono: successfully reloaded assembly
- Completed reload, in  0.785 seconds
Platform modules already initialized, skipping
Refreshing native plugins compatible for Editor in 0.25 ms, found 0 plugins.
Preloading 0 native plugins for Editor in 0.00 ms.
Unloading 1114 Unused Serialized files (Serialized files now loaded: 0)
System memory in use before: 62.0 MB.
System memory in use after: 62.1 MB.

Unloading 5 unused Assets to reduce memory usage. Loaded Objects now: 1717.
Total: 1.906300 ms (FindLiveObjects: 0.160300 ms CreateObjectMapping: 0.040200 ms MarkObjects: 1.652100 ms  DeleteObjects: 0.052400 ms)

========================================================================
Received Prepare
Registering precompiled user dll's ...
Registered in 0.000618 seconds.
Begin MonoManager ReloadAssembly
Native extension for WindowsStandalone target not found
Native extension for WebGL target not found
Refreshing native plugins compatible for Editor in 0.23 ms, found 0 plugins.
Preloading 0 native plugins for Editor in 0.00 ms.
Mono: successfully reloaded assembly
- Completed reload, in  0.833 seconds
Platform modules already initialized, skipping
Refreshing native plugins compatible for Editor in 0.24 ms, found 0 plugins.
Preloading 0 native plugins for Editor in 0.00 ms.
Unloading 1114 Unused Serialized files (Serialized files now loaded: 0)
System memory in use before: 62.0 MB.
System memory in use after: 62.1 MB.

Unloading 5 unused Assets to reduce memory usage. Loaded Objects now: 1720.
Total: 2.093400 ms (FindLiveObjects: 0.244500 ms CreateObjectMapping: 0.045000 ms MarkObjects: 1.676800 ms  DeleteObjects: 0.126200 ms)

========================================================================
Received Prepare
Registering precompiled user dll's ...
Registered in 0.000719 seconds.
Begin MonoManager ReloadAssembly
Native extension for WindowsStandalone target not found
Native extension for WebGL target not found
Refreshing native plugins compatible for Editor in 0.26 ms, found 0 plugins.
Preloading 0 native plugins for Editor in 0.00 ms.
Mono: successfully reloaded assembly
- Completed reload, in  0.870 seconds
Platform modules already initialized, skipping
Refreshing native plugins compatible for Editor in 0.25 ms, found 0 plugins.
Preloading 0 native plugins for Editor in 0.00 ms.
Unloading 1114 Unused Serialized files (Serialized files now loaded: 0)
System memory in use before: 62.0 MB.
System memory in use after: 62.1 MB.

Unloading 5 unused Assets to reduce memory usage. Loaded Objects now: 1723.
Total: 2.781500 ms (FindLiveObjects: 0.336300 ms CreateObjectMapping: 0.322700 ms MarkObjects: 2.042600 ms  DeleteObjects: 0.078000 ms)

========================================================================
Received Prepare
Registering precompiled user dll's ...
Registered in 0.000539 seconds.
Begin MonoManager ReloadAssembly
Native extension for WindowsStandalone target not found
Native extension for WebGL target not found
Refreshing native plugins compatible for Editor in 0.23 ms, found 0 plugins.
Preloading 0 native plugins for Editor in 0.00 ms.
Mono: successfully reloaded assembly
- Completed reload, in  0.829 seconds
Platform modules already initialized, skipping
Refreshing native plugins compatible for Editor in 0.28 ms, found 0 plugins.
Preloading 0 native plugins for Editor in 0.00 ms.
Unloading 1114 Unused Serialized files (Serialized files now loaded: 0)
System memory in use before: 62.0 MB.
System memory in use after: 62.1 MB.

Unloading 5 unused Assets to reduce memory usage. Loaded Objects now: 1726.
Total: 3.125300 ms (FindLiveObjects: 0.304400 ms CreateObjectMapping: 0.068500 ms MarkObjects: 2.670800 ms  DeleteObjects: 0.079600 ms)

========================================================================
Received Prepare
Registering precompiled user dll's ...
Registered in 0.000656 seconds.
Begin MonoManager ReloadAssembly
Native extension for WindowsStandalone target not found
Native extension for WebGL target not found
Refreshing native plugins compatible for Editor in 0.29 ms, found 0 plugins.
Preloading 0 native plugins for Editor in 0.00 ms.
Mono: successfully reloaded assembly
- Completed reload, in  0.788 seconds
Platform modules already initialized, skipping
Refreshing native plugins compatible for Editor in 0.23 ms, found 0 plugins.
Preloading 0 native plugins for Editor in 0.00 ms.
Unloading 1114 Unused Serialized files (Serialized files now loaded: 0)
System memory in use before: 62.0 MB.
System memory in use after: 62.1 MB.

Unloading 5 unused Assets to reduce memory usage. Loaded Objects now: 1729.
Total: 1.704400 ms (FindLiveObjects: 0.176400 ms CreateObjectMapping: 0.042100 ms MarkObjects: 1.399900 ms  DeleteObjects: 0.085100 ms)

========================================================================
Received Prepare
Registering precompiled user dll's ...
Registered in 0.000635 seconds.
Begin MonoManager ReloadAssembly
Native extension for WindowsStandalone target not found
Native extension for WebGL target not found
Refreshing native plugins compatible for Editor in 0.23 ms, found 0 plugins.
Preloading 0 native plugins for Editor in 0.00 ms.
Mono: successfully reloaded assembly
- Completed reload, in  0.794 seconds
Platform modules already initialized, skipping
Refreshing native plugins compatible for Editor in 0.25 ms, found 0 plugins.
Preloading 0 native plugins for Editor in 0.00 ms.
Unloading 1114 Unused Serialized files (Serialized files now loaded: 0)
System memory in use before: 62.0 MB.
System memory in use after: 62.1 MB.

Unloading 5 unused Assets to reduce memory usage. Loaded Objects now: 1732.
Total: 1.853700 ms (FindLiveObjects: 0.207200 ms CreateObjectMapping: 0.058000 ms MarkObjects: 1.484200 ms  DeleteObjects: 0.103100 ms)

========================================================================
Received Import Request.
  Time since last request: 4163.176598 seconds.
  path: Assets/Prefabs/BridgeSpawner 1.prefab
  artifactKey: Guid(9c78b25a41958354d96fc20580adf88b) Importer(815301076,1909f56bfc062723c751e8b465ee728b)
Start importing Assets/Prefabs/BridgeSpawner 1.prefab using Guid(9c78b25a41958354d96fc20580adf88b) Importer(815301076,1909f56bfc062723c751e8b465ee728b)  -> (artifact id: 'fc7bef469057cf6622da475784a39df8') in 0.039755 seconds
  Import took 0.042267 seconds .

========================================================================
Received Import Request.
  Time since last request: 8.124833 seconds.
  path: Assets/Prefabs/FinishLine.prefab
  artifactKey: Guid(9c78b25a41958354d96fc20580adf88b) Importer(815301076,1909f56bfc062723c751e8b465ee728b)
Start importing Assets/Prefabs/FinishLine.prefab using Guid(9c78b25a41958354d96fc20580adf88b) Importer(815301076,1909f56bfc062723c751e8b465ee728b)  -> (artifact id: '1b0a25119278b1e89db4f277002dc627') in 0.009402 seconds
  Import took 0.012603 seconds .

========================================================================
Received Import Request.
  Time since last request: 13.966021 seconds.
  path: Assets/Prefabs/FinishLine.prefab
  artifactKey: Guid(9c78b25a41958354d96fc20580adf88b) Importer(815301076,1909f56bfc062723c751e8b465ee728b)
Start importing Assets/Prefabs/FinishLine.prefab using Guid(9c78b25a41958354d96fc20580adf88b) Importer(815301076,1909f56bfc062723c751e8b465ee728b)  -> (artifact id: '9f6a390a4672ce6943256b3a94b5e192') in 0.004300 seconds
  Import took 0.006924 seconds .

========================================================================
Received Import Request.
  Time since last request: 16.782884 seconds.
  path: Assets/Prefabs/FinishLine.prefab
  artifactKey: Guid(9c78b25a41958354d96fc20580adf88b) Importer(815301076,1909f56bfc062723c751e8b465ee728b)
Start importing Assets/Prefabs/FinishLine.prefab using Guid(9c78b25a41958354d96fc20580adf88b) Importer(815301076,1909f56bfc062723c751e8b465ee728b)  -> (artifact id: 'a505e90b2198423d0e62e70659496f10') in 0.050223 seconds
  Import took 0.053351 seconds .

========================================================================
Received Import Request.
  Time since last request: 5.189233 seconds.
  path: Assets/Prefabs/FinishLine.prefab
  artifactKey: Guid(9c78b25a41958354d96fc20580adf88b) Importer(815301076,1909f56bfc062723c751e8b465ee728b)
Start importing Assets/Prefabs/FinishLine.prefab using Guid(9c78b25a41958354d96fc20580adf88b) Importer(815301076,1909f56bfc062723c751e8b465ee728b)  -> (artifact id: '1c94a2248b95c1bbde03ed34fd380f39') in 0.009408 seconds
  Import took 0.012730 seconds .

========================================================================
Received Import Request.
  Time since last request: 7.265524 seconds.
  path: Assets/Prefabs/FinishLine.prefab
  artifactKey: Guid(9c78b25a41958354d96fc20580adf88b) Importer(815301076,1909f56bfc062723c751e8b465ee728b)
Start importing Assets/Prefabs/FinishLine.prefab using Guid(9c78b25a41958354d96fc20580adf88b) Importer(815301076,1909f56bfc062723c751e8b465ee728b)  -> (artifact id: '2ce73f9c1e6708d1437fe366a4bb7fdb') in 0.010066 seconds
  Import took 0.012940 seconds .

========================================================================
Received Import Request.
  Time since last request: 6.373138 seconds.
  path: Assets/Prefabs/FinishLine.prefab
  artifactKey: Guid(9c78b25a41958354d96fc20580adf88b) Importer(815301076,1909f56bfc062723c751e8b465ee728b)
Start importing Assets/Prefabs/FinishLine.prefab using Guid(9c78b25a41958354d96fc20580adf88b) Importer(815301076,1909f56bfc062723c751e8b465ee728b)  -> (artifact id: 'b596ce35c0269fc3ed3075a7021ed262') in 0.019266 seconds
  Import took 0.023053 seconds .

========================================================================
Received Import Request.
  Time since last request: 0.775526 seconds.
  path: Assets/Prefabs/FinishLine.prefab
  artifactKey: Guid(9c78b25a41958354d96fc20580adf88b) Importer(815301076,1909f56bfc062723c751e8b465ee728b)
Start importing Assets/Prefabs/FinishLine.prefab using Guid(9c78b25a41958354d96fc20580adf88b) Importer(815301076,1909f56bfc062723c751e8b465ee728b)  -> (artifact id: 'cb25d6177a958f45189ed556229d2a43') in 0.015123 seconds
  Import took 0.018088 seconds .

========================================================================
Received Import Request.
  Time since last request: 9.420004 seconds.
  path: Assets/Prefabs/FinishLine.prefab
  artifactKey: Guid(9c78b25a41958354d96fc20580adf88b) Importer(815301076,1909f56bfc062723c751e8b465ee728b)
Start importing Assets/Prefabs/FinishLine.prefab using Guid(9c78b25a41958354d96fc20580adf88b) Importer(815301076,1909f56bfc062723c751e8b465ee728b)  -> (artifact id: '84a5c0a79266523945da200262677d24') in 0.010081 seconds
  Import took 0.012932 seconds .

========================================================================
Received Import Request.
  Time since last request: 6.519362 seconds.
  path: Assets/Prefabs/FinishLine.prefab
  artifactKey: Guid(9c78b25a41958354d96fc20580adf88b) Importer(815301076,1909f56bfc062723c751e8b465ee728b)
Start importing Assets/Prefabs/FinishLine.prefab using Guid(9c78b25a41958354d96fc20580adf88b) Importer(815301076,1909f56bfc062723c751e8b465ee728b)  -> (artifact id: 'd9cc7c484929807f5f20bf8a10bcae61') in 0.010568 seconds
  Import took 0.013343 seconds .

========================================================================
Received Import Request.
  Time since last request: 30.003225 seconds.
  path: Assets/PlayerAnimations/PlayerAnimator.controller
  artifactKey: Guid(ec51641a5e7dca3438f78364597bfff4) Importer(815301076,1909f56bfc062723c751e8b465ee728b)
Start importing Assets/PlayerAnimations/PlayerAnimator.controller using Guid(ec51641a5e7dca3438f78364597bfff4) Importer(815301076,1909f56bfc062723c751e8b465ee728b)  -> (artifact id: '4148d5e4b43dca35f467731df99eb3d2') in 0.020250 seconds
  Import took 0.022986 seconds .

========================================================================
Received Import Request.
  Time since last request: 73.088315 seconds.
  path: Assets/Prefabs/FinishLine.prefab
  artifactKey: Guid(9c78b25a41958354d96fc20580adf88b) Importer(815301076,1909f56bfc062723c751e8b465ee728b)
Start importing Assets/Prefabs/FinishLine.prefab using Guid(9c78b25a41958354d96fc20580adf88b) Importer(815301076,1909f56bfc062723c751e8b465ee728b)  -> (artifact id: '2de49f7a295c3d45a04712c981d253a2') in 0.012882 seconds
  Import took 0.015837 seconds .

========================================================================
Received Prepare
Registering precompiled user dll's ...
Registered in 0.000566 seconds.
Begin MonoManager ReloadAssembly
Native extension for WindowsStandalone target not found
Native extension for WebGL target not found
Refreshing native plugins compatible for Editor in 0.25 ms, found 0 plugins.
Preloading 0 native plugins for Editor in 0.00 ms.
Mono: successfully reloaded assembly
- Completed reload, in  0.809 seconds
Platform modules already initialized, skipping
Refreshing native plugins compatible for Editor in 0.24 ms, found 0 plugins.
Preloading 0 native plugins for Editor in 0.00 ms.
Unloading 1114 Unused Serialized files (Serialized files now loaded: 0)
System memory in use before: 62.0 MB.
System memory in use after: 62.1 MB.

Unloading 6 unused Assets to reduce memory usage. Loaded Objects now: 1736.
Total: 2.015300 ms (FindLiveObjects: 0.151700 ms CreateObjectMapping: 0.039300 ms MarkObjects: 1.740700 ms  DeleteObjects: 0.082800 ms)

========================================================================
Received Prepare
Registering precompiled user dll's ...
Registered in 0.000720 seconds.
Begin MonoManager ReloadAssembly
Native extension for WindowsStandalone target not found
Native extension for WebGL target not found
Refreshing native plugins compatible for Editor in 0.23 ms, found 0 plugins.
Preloading 0 native plugins for Editor in 0.00 ms.
Mono: successfully reloaded assembly
- Completed reload, in  0.794 seconds
Platform modules already initialized, skipping
Refreshing native plugins compatible for Editor in 0.24 ms, found 0 plugins.
Preloading 0 native plugins for Editor in 0.00 ms.
Unloading 1114 Unused Serialized files (Serialized files now loaded: 0)
System memory in use before: 62.0 MB.
System memory in use after: 62.1 MB.

Unloading 5 unused Assets to reduce memory usage. Loaded Objects now: 1739.
Total: 1.920700 ms (FindLiveObjects: 0.195700 ms CreateObjectMapping: 0.039900 ms MarkObjects: 1.602700 ms  DeleteObjects: 0.080900 ms)

========================================================================
Received Prepare
Registering precompiled user dll's ...
Registered in 0.000562 seconds.
Begin MonoManager ReloadAssembly
Native extension for WindowsStandalone target not found
Native extension for WebGL target not found
Refreshing native plugins compatible for Editor in 0.22 ms, found 0 plugins.
Preloading 0 native plugins for Editor in 0.00 ms.
Mono: successfully reloaded assembly
- Completed reload, in  0.745 seconds
Platform modules already initialized, skipping
Refreshing native plugins compatible for Editor in 0.27 ms, found 0 plugins.
Preloading 0 native plugins for Editor in 0.00 ms.
Unloading 1114 Unused Serialized files (Serialized files now loaded: 0)
System memory in use before: 62.0 MB.
System memory in use after: 62.1 MB.

Unloading 5 unused Assets to reduce memory usage. Loaded Objects now: 1742.
Total: 2.086100 ms (FindLiveObjects: 0.234500 ms CreateObjectMapping: 0.085900 ms MarkObjects: 1.696400 ms  DeleteObjects: 0.066600 ms)

========================================================================
Received Prepare
Registering precompiled user dll's ...
Registered in 0.000582 seconds.
Begin MonoManager ReloadAssembly
Native extension for WindowsStandalone target not found
Native extension for WebGL target not found
Refreshing native plugins compatible for Editor in 0.23 ms, found 0 plugins.
Preloading 0 native plugins for Editor in 0.00 ms.
Mono: successfully reloaded assembly
- Completed reload, in  0.720 seconds
Platform modules already initialized, skipping
Refreshing native plugins compatible for Editor in 0.26 ms, found 0 plugins.
Preloading 0 native plugins for Editor in 0.00 ms.
Unloading 1114 Unused Serialized files (Serialized files now loaded: 0)
System memory in use before: 62.0 MB.
System memory in use after: 62.1 MB.

Unloading 5 unused Assets to reduce memory usage. Loaded Objects now: 1745.
Total: 2.278700 ms (FindLiveObjects: 0.254300 ms CreateObjectMapping: 0.149500 ms MarkObjects: 1.809100 ms  DeleteObjects: 0.063800 ms)

========================================================================
Received Prepare
Registering precompiled user dll's ...
Registered in 0.000541 seconds.
Begin MonoManager ReloadAssembly
Native extension for WindowsStandalone target not found
Native extension for WebGL target not found
Refreshing native plugins compatible for Editor in 0.23 ms, found 0 plugins.
Preloading 0 native plugins for Editor in 0.00 ms.
Mono: successfully reloaded assembly
- Completed reload, in  0.766 seconds
Platform modules already initialized, skipping
Refreshing native plugins compatible for Editor in 0.26 ms, found 0 plugins.
Preloading 0 native plugins for Editor in 0.00 ms.
Unloading 1114 Unused Serialized files (Serialized files now loaded: 0)
System memory in use before: 62.0 MB.
System memory in use after: 62.1 MB.

Unloading 5 unused Assets to reduce memory usage. Loaded Objects now: 1748.
Total: 1.654300 ms (FindLiveObjects: 0.196100 ms CreateObjectMapping: 0.038300 ms MarkObjects: 1.358400 ms  DeleteObjects: 0.060300 ms)

========================================================================
Received Prepare
Registering precompiled user dll's ...
Registered in 0.000935 seconds.
Begin MonoManager ReloadAssembly
Native extension for WindowsStandalone target not found
Native extension for WebGL target not found
Refreshing native plugins compatible for Editor in 0.24 ms, found 0 plugins.
Preloading 0 native plugins for Editor in 0.00 ms.
Mono: successfully reloaded assembly
- Completed reload, in  0.820 seconds
Platform modules already initialized, skipping
Refreshing native plugins compatible for Editor in 0.24 ms, found 0 plugins.
Preloading 0 native plugins for Editor in 0.00 ms.
Unloading 1114 Unused Serialized files (Serialized files now loaded: 0)
System memory in use before: 62.0 MB.
System memory in use after: 62.1 MB.

Unloading 5 unused Assets to reduce memory usage. Loaded Objects now: 1751.
Total: 2.241000 ms (FindLiveObjects: 0.252300 ms CreateObjectMapping: 0.103500 ms MarkObjects: 1.824000 ms  DeleteObjects: 0.059900 ms)

========================================================================
Received Import Request.
  Time since last request: 1082.141292 seconds.
  path: ProjectSettings/TagManager.asset
  artifactKey: Guid(00000000000000003000000000000000) Importer(815301076,1909f56bfc062723c751e8b465ee728b)
Start importing ProjectSettings/TagManager.asset using Guid(00000000000000003000000000000000) Importer(815301076,1909f56bfc062723c751e8b465ee728b)  -> (artifact id: 'c84525ea57ede8411595f9071fedc239') in 0.018979 seconds
  Import took 0.021636 seconds .

========================================================================
Received Import Request.
  Time since last request: 0.001112 seconds.
  path: ProjectSettings/TagManager.asset
  artifactKey: Guid(00000000000000003000000000000000) Importer(815301076,1909f56bfc062723c751e8b465ee728b)
Start importing ProjectSettings/TagManager.asset using Guid(00000000000000003000000000000000) Importer(815301076,1909f56bfc062723c751e8b465ee728b)  -> (artifact id: 'c84525ea57ede8411595f9071fedc239') in 0.003523 seconds
  Import took 0.005975 seconds .

========================================================================
Received Import Request.
  Time since last request: 43.981825 seconds.
  path: Assets/Materials/Finish.mat
  artifactKey: Guid(31d2906058900a84bbaf223d9f54e7d8) Importer(815301076,1909f56bfc062723c751e8b465ee728b)
Start importing Assets/Materials/Finish.mat using Guid(31d2906058900a84bbaf223d9f54e7d8) Importer(815301076,1909f56bfc062723c751e8b465ee728b)  -> (artifact id: '4351cebb9ab260cdfd61890e6e263349') in 0.055818 seconds
  Import took 0.058509 seconds .

========================================================================
Received Import Request.
  Time since last request: 22.003374 seconds.
  path: Assets/Prefabs/BridgeSpawner.prefab
  artifactKey: Guid(f71c313312baa6b459cfe7f4b8f5cb49) Importer(815301076,1909f56bfc062723c751e8b465ee728b)
Start importing Assets/Prefabs/BridgeSpawner.prefab using Guid(f71c313312baa6b459cfe7f4b8f5cb49) Importer(815301076,1909f56bfc062723c751e8b465ee728b)  -> (artifact id: 'fe11e405dfaba8c58b2f0599f7f4e927') in 0.012893 seconds
  Import took 0.015338 seconds .

========================================================================
Received Import Request.
  Time since last request: 13.484751 seconds.
  path: Assets/Prefabs/FinishLine.prefab
  artifactKey: Guid(9c78b25a41958354d96fc20580adf88b) Importer(815301076,1909f56bfc062723c751e8b465ee728b)
Start importing Assets/Prefabs/FinishLine.prefab using Guid(9c78b25a41958354d96fc20580adf88b) Importer(815301076,1909f56bfc062723c751e8b465ee728b)  -> (artifact id: '02660e63dde67c373b0edf682d3799d4') in 0.020004 seconds
  Import took 0.022894 seconds .

========================================================================
Received Prepare
Registering precompiled user dll's ...
Registered in 0.000836 seconds.
Begin MonoManager ReloadAssembly
Native extension for WindowsStandalone target not found
Native extension for WebGL target not found
Refreshing native plugins compatible for Editor in 0.26 ms, found 0 plugins.
Preloading 0 native plugins for Editor in 0.00 ms.
Mono: successfully reloaded assembly
- Completed reload, in  0.802 seconds
Platform modules already initialized, skipping
Refreshing native plugins compatible for Editor in 0.24 ms, found 0 plugins.
Preloading 0 native plugins for Editor in 0.00 ms.
Unloading 1114 Unused Serialized files (Serialized files now loaded: 0)
System memory in use before: 62.1 MB.
System memory in use after: 62.2 MB.

Unloading 7 unused Assets to reduce memory usage. Loaded Objects now: 1755.
Total: 1.957600 ms (FindLiveObjects: 0.179400 ms CreateObjectMapping: 0.070400 ms MarkObjects: 1.621900 ms  DeleteObjects: 0.085000 ms)

========================================================================
Received Prepare
Registering precompiled user dll's ...
Registered in 0.000838 seconds.
Begin MonoManager ReloadAssembly
Native extension for WindowsStandalone target not found
Native extension for WebGL target not found
Refreshing native plugins compatible for Editor in 0.23 ms, found 0 plugins.
Preloading 0 native plugins for Editor in 0.00 ms.
Mono: successfully reloaded assembly
- Completed reload, in  0.780 seconds
Platform modules already initialized, skipping
Refreshing native plugins compatible for Editor in 0.26 ms, found 0 plugins.
Preloading 0 native plugins for Editor in 0.00 ms.
Unloading 1114 Unused Serialized files (Serialized files now loaded: 0)
System memory in use before: 62.1 MB.
System memory in use after: 62.2 MB.

Unloading 5 unused Assets to reduce memory usage. Loaded Objects now: 1758.
Total: 1.924700 ms (FindLiveObjects: 0.204500 ms CreateObjectMapping: 0.040500 ms MarkObjects: 1.616500 ms  DeleteObjects: 0.062000 ms)

========================================================================
Received Prepare
Registering precompiled user dll's ...
Registered in 0.000588 seconds.
Begin MonoManager ReloadAssembly
Native extension for WindowsStandalone target not found
Native extension for WebGL target not found
Refreshing native plugins compatible for Editor in 0.23 ms, found 0 plugins.
Preloading 0 native plugins for Editor in 0.00 ms.
Mono: successfully reloaded assembly
- Completed reload, in  0.715 seconds
Platform modules already initialized, skipping
Refreshing native plugins compatible for Editor in 0.24 ms, found 0 plugins.
Preloading 0 native plugins for Editor in 0.00 ms.
Unloading 1114 Unused Serialized files (Serialized files now loaded: 0)
System memory in use before: 62.1 MB.
System memory in use after: 62.2 MB.

Unloading 5 unused Assets to reduce memory usage. Loaded Objects now: 1761.
Total: 2.966900 ms (FindLiveObjects: 0.271800 ms CreateObjectMapping: 0.085500 ms MarkObjects: 2.527500 ms  DeleteObjects: 0.081000 ms)

========================================================================
Received Prepare
Registering precompiled user dll's ...
Registered in 0.000652 seconds.
Begin MonoManager ReloadAssembly
Native extension for WindowsStandalone target not found
Native extension for WebGL target not found
Refreshing native plugins compatible for Editor in 0.22 ms, found 0 plugins.
Preloading 0 native plugins for Editor in 0.00 ms.
Mono: successfully reloaded assembly
- Completed reload, in  0.797 seconds
Platform modules already initialized, skipping
Refreshing native plugins compatible for Editor in 0.24 ms, found 0 plugins.
Preloading 0 native plugins for Editor in 0.00 ms.
Unloading 1114 Unused Serialized files (Serialized files now loaded: 0)
System memory in use before: 62.1 MB.
System memory in use after: 62.2 MB.

Unloading 5 unused Assets to reduce memory usage. Loaded Objects now: 1764.
Total: 1.673000 ms (FindLiveObjects: 0.141500 ms CreateObjectMapping: 0.040800 ms MarkObjects: 1.408600 ms  DeleteObjects: 0.081100 ms)

========================================================================
Received Prepare
Registering precompiled user dll's ...
Registered in 0.000723 seconds.
Begin MonoManager ReloadAssembly
Native extension for WindowsStandalone target not found
Native extension for WebGL target not found
Refreshing native plugins compatible for Editor in 0.24 ms, found 0 plugins.
Preloading 0 native plugins for Editor in 0.00 ms.
Mono: successfully reloaded assembly
- Completed reload, in  0.791 seconds
Platform modules already initialized, skipping
Refreshing native plugins compatible for Editor in 0.24 ms, found 0 plugins.
Preloading 0 native plugins for Editor in 0.00 ms.
Unloading 1114 Unused Serialized files (Serialized files now loaded: 0)
System memory in use before: 62.1 MB.
System memory in use after: 62.2 MB.

Unloading 5 unused Assets to reduce memory usage. Loaded Objects now: 1767.
Total: 1.944200 ms (FindLiveObjects: 0.183900 ms CreateObjectMapping: 0.072200 ms MarkObjects: 1.629000 ms  DeleteObjects: 0.058000 ms)

========================================================================
Received Import Request.
  Time since last request: 131.112543 seconds.
  path: Assets/Scenes
  artifactKey: Guid(b237c681dade7f8489b3e5c44ceb5383) Importer(815301076,1909f56bfc062723c751e8b465ee728b)
Start importing Assets/Scenes using Guid(b237c681dade7f8489b3e5c44ceb5383) Importer(815301076,1909f56bfc062723c751e8b465ee728b)  -> (artifact id: 'b1dc61362b7410c179cdb29444752ff8') in 0.009858 seconds
  Import took 0.012226 seconds .

AssetImportWorkerClient::OnTransportError - code=2 error=End of file
